  [1m[36m (19.1ms)[0m  [1mCREATE TABLE "schema_migrations" ("version" varchar(255) NOT NULL) [0m
  [1m[35m (0.0ms)[0m  select sqlite_version(*)
  [1m[36m (11.1ms)[0m  [1mCREATE UNIQUE INDEX "unique_schema_migrations" ON "schema_migrations" ("version")[0m
  [1m[35mActiveRecord::SchemaMigration Load (0.0ms)[0m  SELECT "schema_migrations".* FROM "schema_migrations"
Migrating to CreateProjects (20140920201444)
  [1m[36m (0.0ms)[0m  [1mbegin transaction[0m
  [1m[35m (1.0ms)[0m  CREATE TABLE "projects" ("id" INTEGER PRIMARY KEY AUTOINCREMENT NOT NULL, "title" varchar(255), "description" text, "image_url" varchar(255), "created_at" datetime, "updated_at" datetime) 
  [1m[36mSQL (0.0ms)[0m  [1mINSERT INTO "schema_migrations" ("version") VALUES (?)[0m  [["version", "20140920201444"]]
  [1m[35m (12.0ms)[0m  commit transaction
  [1m[36mActiveRecord::SchemaMigration Load (0.0ms)[0m  [1mSELECT "schema_migrations".* FROM "schema_migrations"[0m


Started GET "/" for 127.0.0.1 at 2014-09-20 16:15:33 -0400
  [1m[36mActiveRecord::SchemaMigration Load (0.0ms)[0m  [1mSELECT "schema_migrations".* FROM "schema_migrations"[0m
Processing by Rails::WelcomeController#index as HTML
  Rendered C:/RailsInstaller/Ruby1.9.3/lib/ruby/gems/1.9.1/gems/railties-4.1.6/lib/rails/templates/rails/welcome/index.html.erb (12.0ms)
Completed 200 OK in 73ms (Views: 49.0ms | ActiveRecord: 0.0ms)


Started GET "/projects" for 127.0.0.1 at 2014-09-20 16:15:41 -0400
Processing by ProjectsController#index as HTML
  [1m[35mProject Load (1.0ms)[0m  SELECT "projects".* FROM "projects"
  Rendered projects/index.html.erb within layouts/application (1.0ms)
Completed 200 OK in 967ms (Views: 963.8ms | ActiveRecord: 1.0ms)


Started GET "/assets/projects.css?body=1" for 127.0.0.1 at 2014-09-20 16:15:42 -0400


Started GET "/assets/scaffolds.css?body=1" for 127.0.0.1 at 2014-09-20 16:15:42 -0400


Started GET "/assets/application.css?body=1" for 127.0.0.1 at 2014-09-20 16:15:42 -0400


Started GET "/assets/jquery.js?body=1" for 127.0.0.1 at 2014-09-20 16:15:42 -0400


Started GET "/assets/jquery_ujs.js?body=1" for 127.0.0.1 at 2014-09-20 16:15:42 -0400


Started GET "/assets/turbolinks.js?body=1" for 127.0.0.1 at 2014-09-20 16:15:42 -0400


Started GET "/assets/application.js?body=1" for 127.0.0.1 at 2014-09-20 16:15:42 -0400


Started GET "/assets/projects.js?body=1" for 127.0.0.1 at 2014-09-20 16:15:42 -0400


Started GET "/projects/new" for 127.0.0.1 at 2014-09-20 16:15:49 -0400
Processing by ProjectsController#new as HTML
  Rendered projects/_form.html.erb (69.0ms)
  Rendered projects/new.html.erb within layouts/application (110.1ms)
Completed 200 OK in 151ms (Views: 150.1ms | ActiveRecord: 0.0ms)


Started POST "/projects" for 127.0.0.1 at 2014-09-20 16:17:34 -0400
Processing by ProjectsController#create as HTML
  Parameters: {"utf8"=>"✓", "authenticity_token"=>"GivsHQpvrAXhOYR5L1opnGDgF7oYh9OHCKCPbjh8XUI=", "project"=>{"title"=>"t", "description"=>"word", "image_url"=>"http://upload.wikimedia.org/wikipedia/en/3/39/Wakerlink.jpg"}, "commit"=>"Create Project"}
  [1m[36m (1.0ms)[0m  [1mbegin transaction[0m
  [1m[35mSQL (2.0ms)[0m  INSERT INTO "projects" ("created_at", "description", "image_url", "title", "updated_at") VALUES (?, ?, ?, ?, ?)  [["created_at", "2014-09-20 20:17:34.279099"], ["description", "word"], ["image_url", "http://upload.wikimedia.org/wikipedia/en/3/39/Wakerlink.jpg"], ["title", "t"], ["updated_at", "2014-09-20 20:17:34.279099"]]
  [1m[36m (11.0ms)[0m  [1mcommit transaction[0m
Redirected to http://localhost:3000/projects/1
Completed 302 Found in 43ms (ActiveRecord: 14.0ms)


Started GET "/projects/1" for 127.0.0.1 at 2014-09-20 16:17:34 -0400
Processing by ProjectsController#show as HTML
  Parameters: {"id"=>"1"}
  [1m[35mProject Load (1.0ms)[0m  SELECT  "projects".* FROM "projects"  WHERE "projects"."id" = ? LIMIT 1  [["id", 1]]
  Rendered projects/show.html.erb within layouts/application (2.0ms)
Completed 200 OK in 113ms (Views: 107.1ms | ActiveRecord: 1.0ms)


Started GET "/assets/projects.css?body=1" for 127.0.0.1 at 2014-09-20 16:17:34 -0400


Started GET "/assets/scaffolds.css?body=1" for 127.0.0.1 at 2014-09-20 16:17:34 -0400


Started GET "/assets/application.css?body=1" for 127.0.0.1 at 2014-09-20 16:17:34 -0400


Started GET "/assets/projects.js?body=1" for 127.0.0.1 at 2014-09-20 16:17:34 -0400


Started GET "/assets/application.js?body=1" for 127.0.0.1 at 2014-09-20 16:17:34 -0400


Started GET "/projects/1/edit" for 127.0.0.1 at 2014-09-20 16:18:09 -0400
Processing by ProjectsController#edit as HTML
  Parameters: {"id"=>"1"}
  [1m[36mProject Load (1.0ms)[0m  [1mSELECT  "projects".* FROM "projects"  WHERE "projects"."id" = ? LIMIT 1[0m  [["id", 1]]
  Rendered projects/_form.html.erb (6.0ms)
  Rendered projects/edit.html.erb within layouts/application (13.0ms)
Completed 200 OK in 109ms (Views: 105.1ms | ActiveRecord: 1.0ms)


Started GET "/projects" for 127.0.0.1 at 2014-09-20 16:18:12 -0400
Processing by ProjectsController#index as HTML
  [1m[35mProject Load (1.0ms)[0m  SELECT "projects".* FROM "projects"
  Rendered projects/index.html.erb within layouts/application (2.0ms)
Completed 200 OK in 67ms (Views: 65.1ms | ActiveRecord: 1.0ms)


Started GET "/projects/new" for 127.0.0.1 at 2014-09-20 16:18:18 -0400
Processing by ProjectsController#new as HTML
  Rendered projects/_form.html.erb (2.0ms)
  Rendered projects/new.html.erb within layouts/application (4.0ms)
Completed 200 OK in 38ms (Views: 37.0ms | ActiveRecord: 0.0ms)


Started POST "/projects" for 127.0.0.1 at 2014-09-20 16:18:38 -0400
Processing by ProjectsController#create as HTML
  Parameters: {"utf8"=>"✓", "authenticity_token"=>"GivsHQpvrAXhOYR5L1opnGDgF7oYh9OHCKCPbjh8XUI=", "project"=>{"title"=>"something else", "description"=>"idk my bff jill", "image_url"=>"l"}, "commit"=>"Create Project"}
  [1m[36m (0.0ms)[0m  [1mbegin transaction[0m
  [1m[35mSQL (2.0ms)[0m  INSERT INTO "projects" ("created_at", "description", "image_url", "title", "updated_at") VALUES (?, ?, ?, ?, ?)  [["created_at", "2014-09-20 20:18:38.836227"], ["description", "idk my bff jill"], ["image_url", "l"], ["title", "something else"], ["updated_at", "2014-09-20 20:18:38.836227"]]
  [1m[36m (12.0ms)[0m  [1mcommit transaction[0m
Redirected to http://localhost:3000/projects/2
Completed 302 Found in 25ms (ActiveRecord: 14.0ms)


Started GET "/projects/2" for 127.0.0.1 at 2014-09-20 16:18:38 -0400
Processing by ProjectsController#show as HTML
  Parameters: {"id"=>"2"}
  [1m[35mProject Load (1.0ms)[0m  SELECT  "projects".* FROM "projects"  WHERE "projects"."id" = ? LIMIT 1  [["id", 2]]
  Rendered projects/show.html.erb within layouts/application (1.0ms)
Completed 200 OK in 65ms (Views: 61.0ms | ActiveRecord: 1.0ms)


Started GET "/assets/projects.css?body=1" for 127.0.0.1 at 2014-09-20 16:18:39 -0400


Started GET "/assets/scaffolds.css?body=1" for 127.0.0.1 at 2014-09-20 16:18:39 -0400


Started GET "/assets/application.css?body=1" for 127.0.0.1 at 2014-09-20 16:18:39 -0400


Started GET "/assets/projects.js?body=1" for 127.0.0.1 at 2014-09-20 16:18:39 -0400


Started GET "/assets/application.js?body=1" for 127.0.0.1 at 2014-09-20 16:18:39 -0400


Started GET "/projects" for 127.0.0.1 at 2014-09-20 16:18:42 -0400
Processing by ProjectsController#index as HTML
  [1m[36mProject Load (1.0ms)[0m  [1mSELECT "projects".* FROM "projects"[0m
  Rendered projects/index.html.erb within layouts/application (2.0ms)
Completed 200 OK in 58ms (Views: 56.0ms | ActiveRecord: 1.0ms)


Started GET "/projects/1" for 127.0.0.1 at 2014-09-20 16:18:53 -0400
Processing by ProjectsController#show as HTML
  Parameters: {"id"=>"1"}
  [1m[35mProject Load (0.0ms)[0m  SELECT  "projects".* FROM "projects"  WHERE "projects"."id" = ? LIMIT 1  [["id", 1]]
  Rendered projects/show.html.erb within layouts/application (1.0ms)
Completed 200 OK in 41ms (Views: 40.0ms | ActiveRecord: 0.0ms)


Started GET "/projects" for 127.0.0.1 at 2014-09-20 16:18:56 -0400
Processing by ProjectsController#index as HTML
  [1m[36mProject Load (1.0ms)[0m  [1mSELECT "projects".* FROM "projects"[0m
  Rendered projects/index.html.erb within layouts/application (2.0ms)
Completed 200 OK in 44ms (Views: 43.0ms | ActiveRecord: 1.0ms)


Started GET "/projects" for 127.0.0.1 at 2014-09-20 17:33:43 -0400
Processing by ProjectsController#index as HTML
  Rendered projects/index.html.erb within layouts/application (39.0ms)
Completed 500 Internal Server Error in 49ms

ActionView::Template::Error (undefined method `each' for nil:NilClass):
    1: <div id="product_list" >
    2:   <h1>Listing products</h1>
    3:   <table>
    4:     <% @products.each do |product| %>
    5:       <tr class=" <%= cycle('list_line_odd' , 'list_line_even' ) %>" >
    6:         <td>
    7:           <%= image_tag(product.image_url, :class => 'list_image' ) %>
  app/views/projects/index.html.erb:4:in `_app_views_projects_index_html_erb__881622496_34942788'


  Rendered C:/RailsInstaller/Ruby1.9.3/lib/ruby/gems/1.9.1/gems/actionpack-4.1.6/lib/action_dispatch/middleware/templates/rescues/_trace.html.erb (1.0ms)
  Rendered C:/RailsInstaller/Ruby1.9.3/lib/ruby/gems/1.9.1/gems/actionpack-4.1.6/lib/action_dispatch/middleware/templates/rescues/_request_and_response.html.erb (0.0ms)
  Rendered C:/RailsInstaller/Ruby1.9.3/lib/ruby/gems/1.9.1/gems/actionpack-4.1.6/lib/action_dispatch/middleware/templates/rescues/template_error.html.erb within rescues/layout (15.0ms)


Started GET "/projects" for 127.0.0.1 at 2014-09-20 17:34:50 -0400
Processing by ProjectsController#index as HTML
  [1m[35mProject Load (1.0ms)[0m  SELECT "projects".* FROM "projects"
  Rendered projects/index.html.erb within layouts/application (54.0ms)
Completed 200 OK in 163ms (Views: 161.1ms | ActiveRecord: 1.0ms)


Started GET "/assets/projects.css?body=1" for 127.0.0.1 at 2014-09-20 17:34:50 -0400


Started GET "/assets/jquery.js?body=1" for 127.0.0.1 at 2014-09-20 17:34:50 -0400


Started GET "/assets/jquery_ujs.js?body=1" for 127.0.0.1 at 2014-09-20 17:34:50 -0400


Started GET "/assets/application.css?body=1" for 127.0.0.1 at 2014-09-20 17:34:50 -0400


Started GET "/assets/scaffolds.css?body=1" for 127.0.0.1 at 2014-09-20 17:34:50 -0400


Started GET "/assets/turbolinks.js?body=1" for 127.0.0.1 at 2014-09-20 17:34:50 -0400


Started GET "/assets/projects.js?body=1" for 127.0.0.1 at 2014-09-20 17:34:51 -0400


Started GET "/assets/application.js?body=1" for 127.0.0.1 at 2014-09-20 17:34:51 -0400


Started GET "/images/l" for 127.0.0.1 at 2014-09-20 17:34:51 -0400

ActionController::RoutingError (No route matches [GET] "/images/l"):
  actionpack (4.1.6) lib/action_dispatch/middleware/debug_exceptions.rb:21:in `call'
  actionpack (4.1.6) lib/action_dispatch/middleware/show_exceptions.rb:30:in `call'
  railties (4.1.6) lib/rails/rack/logger.rb:38:in `call_app'
  railties (4.1.6) lib/rails/rack/logger.rb:20:in `block in call'
  activesupport (4.1.6) lib/active_support/tagged_logging.rb:68:in `block in tagged'
  activesupport (4.1.6) lib/active_support/tagged_logging.rb:26:in `tagged'
  activesupport (4.1.6) lib/active_support/tagged_logging.rb:68:in `tagged'
  railties (4.1.6) lib/rails/rack/logger.rb:20:in `call'
  actionpack (4.1.6) lib/action_dispatch/middleware/request_id.rb:21:in `call'
  rack (1.5.2) lib/rack/methodoverride.rb:21:in `call'
  rack (1.5.2) lib/rack/runtime.rb:17:in `call'
  activesupport (4.1.6) lib/active_support/cache/strategy/local_cache_middleware.rb:26:in `call'
  rack (1.5.2) lib/rack/lock.rb:17:in `call'
  actionpack (4.1.6) lib/action_dispatch/middleware/static.rb:64:in `call'
  rack (1.5.2) lib/rack/sendfile.rb:112:in `call'
  railties (4.1.6) lib/rails/engine.rb:514:in `call'
  railties (4.1.6) lib/rails/application.rb:144:in `call'
  rack (1.5.2) lib/rack/lock.rb:17:in `call'
  rack (1.5.2) lib/rack/content_length.rb:14:in `call'
  rack (1.5.2) lib/rack/handler/webrick.rb:60:in `service'
  C:/RailsInstaller/Ruby1.9.3/lib/ruby/1.9.1/webrick/httpserver.rb:138:in `service'
  C:/RailsInstaller/Ruby1.9.3/lib/ruby/1.9.1/webrick/httpserver.rb:94:in `run'
  C:/RailsInstaller/Ruby1.9.3/lib/ruby/1.9.1/webrick/server.rb:191:in `block in start_thread'


  Rendered C:/RailsInstaller/Ruby1.9.3/lib/ruby/gems/1.9.1/gems/actionpack-4.1.6/lib/action_dispatch/middleware/templates/rescues/_trace.html.erb (1.0ms)
  Rendered C:/RailsInstaller/Ruby1.9.3/lib/ruby/gems/1.9.1/gems/actionpack-4.1.6/lib/action_dispatch/middleware/templates/routes/_route.html.erb (3.0ms)
  Rendered C:/RailsInstaller/Ruby1.9.3/lib/ruby/gems/1.9.1/gems/actionpack-4.1.6/lib/action_dispatch/middleware/templates/routes/_table.html.erb (16.0ms)
  Rendered C:/RailsInstaller/Ruby1.9.3/lib/ruby/gems/1.9.1/gems/actionpack-4.1.6/lib/action_dispatch/middleware/templates/rescues/routing_error.html.erb within rescues/layout (131.1ms)


Started GET "/projects/1" for 127.0.0.1 at 2014-09-20 17:37:59 -0400
Processing by ProjectsController#show as HTML
  Parameters: {"id"=>"1"}
  [1m[36mProject Load (1.0ms)[0m  [1mSELECT  "projects".* FROM "projects"  WHERE "projects"."id" = ? LIMIT 1[0m  [["id", 1]]
  Rendered projects/show.html.erb within layouts/application (1.0ms)
Completed 200 OK in 102ms (Views: 98.1ms | ActiveRecord: 1.0ms)


Started GET "/projects" for 127.0.0.1 at 2014-09-20 17:38:05 -0400
Processing by ProjectsController#index as HTML
  [1m[35mProject Load (1.0ms)[0m  SELECT "projects".* FROM "projects"
  Rendered projects/index.html.erb within layouts/application (12.0ms)
Completed 200 OK in 49ms (Views: 48.0ms | ActiveRecord: 1.0ms)


Started GET "/images/l" for 127.0.0.1 at 2014-09-20 17:38:05 -0400

ActionController::RoutingError (No route matches [GET] "/images/l"):
  actionpack (4.1.6) lib/action_dispatch/middleware/debug_exceptions.rb:21:in `call'
  actionpack (4.1.6) lib/action_dispatch/middleware/show_exceptions.rb:30:in `call'
  railties (4.1.6) lib/rails/rack/logger.rb:38:in `call_app'
  railties (4.1.6) lib/rails/rack/logger.rb:20:in `block in call'
  activesupport (4.1.6) lib/active_support/tagged_logging.rb:68:in `block in tagged'
  activesupport (4.1.6) lib/active_support/tagged_logging.rb:26:in `tagged'
  activesupport (4.1.6) lib/active_support/tagged_logging.rb:68:in `tagged'
  railties (4.1.6) lib/rails/rack/logger.rb:20:in `call'
  actionpack (4.1.6) lib/action_dispatch/middleware/request_id.rb:21:in `call'
  rack (1.5.2) lib/rack/methodoverride.rb:21:in `call'
  rack (1.5.2) lib/rack/runtime.rb:17:in `call'
  activesupport (4.1.6) lib/active_support/cache/strategy/local_cache_middleware.rb:26:in `call'
  rack (1.5.2) lib/rack/lock.rb:17:in `call'
  actionpack (4.1.6) lib/action_dispatch/middleware/static.rb:64:in `call'
  rack (1.5.2) lib/rack/sendfile.rb:112:in `call'
  railties (4.1.6) lib/rails/engine.rb:514:in `call'
  railties (4.1.6) lib/rails/application.rb:144:in `call'
  rack (1.5.2) lib/rack/lock.rb:17:in `call'
  rack (1.5.2) lib/rack/content_length.rb:14:in `call'
  rack (1.5.2) lib/rack/handler/webrick.rb:60:in `service'
  C:/RailsInstaller/Ruby1.9.3/lib/ruby/1.9.1/webrick/httpserver.rb:138:in `service'
  C:/RailsInstaller/Ruby1.9.3/lib/ruby/1.9.1/webrick/httpserver.rb:94:in `run'
  C:/RailsInstaller/Ruby1.9.3/lib/ruby/1.9.1/webrick/server.rb:191:in `block in start_thread'


  Rendered C:/RailsInstaller/Ruby1.9.3/lib/ruby/gems/1.9.1/gems/actionpack-4.1.6/lib/action_dispatch/middleware/templates/rescues/_trace.html.erb (2.0ms)
  Rendered C:/RailsInstaller/Ruby1.9.3/lib/ruby/gems/1.9.1/gems/actionpack-4.1.6/lib/action_dispatch/middleware/templates/routes/_route.html.erb (1.0ms)
  Rendered C:/RailsInstaller/Ruby1.9.3/lib/ruby/gems/1.9.1/gems/actionpack-4.1.6/lib/action_dispatch/middleware/templates/routes/_table.html.erb (0.0ms)
  Rendered C:/RailsInstaller/Ruby1.9.3/lib/ruby/gems/1.9.1/gems/actionpack-4.1.6/lib/action_dispatch/middleware/templates/rescues/routing_error.html.erb within rescues/layout (40.0ms)


Started GET "/projects" for 127.0.0.1 at 2014-09-20 17:39:07 -0400
Processing by ProjectsController#index as HTML
  [1m[36mProject Load (0.0ms)[0m  [1mSELECT "projects".* FROM "projects"[0m
  Rendered projects/index.html.erb within layouts/application (30.0ms)
Completed 200 OK in 128ms (Views: 126.1ms | ActiveRecord: 0.0ms)


Started GET "/assets/scaffolds.css?body=1" for 127.0.0.1 at 2014-09-20 17:39:07 -0400


Started GET "/assets/projects.css?body=1" for 127.0.0.1 at 2014-09-20 17:39:07 -0400


Started GET "/assets/application.css?body=1" for 127.0.0.1 at 2014-09-20 17:39:07 -0400


Started GET "/assets/jquery.js?body=1" for 127.0.0.1 at 2014-09-20 17:39:07 -0400


Started GET "/assets/jquery_ujs.js?body=1" for 127.0.0.1 at 2014-09-20 17:39:07 -0400


Started GET "/assets/turbolinks.js?body=1" for 127.0.0.1 at 2014-09-20 17:39:07 -0400


Started GET "/assets/projects.js?body=1" for 127.0.0.1 at 2014-09-20 17:39:08 -0400


Started GET "/assets/application.js?body=1" for 127.0.0.1 at 2014-09-20 17:39:08 -0400


Started GET "/images/l" for 127.0.0.1 at 2014-09-20 17:39:08 -0400

ActionController::RoutingError (No route matches [GET] "/images/l"):
  actionpack (4.1.6) lib/action_dispatch/middleware/debug_exceptions.rb:21:in `call'
  actionpack (4.1.6) lib/action_dispatch/middleware/show_exceptions.rb:30:in `call'
  railties (4.1.6) lib/rails/rack/logger.rb:38:in `call_app'
  railties (4.1.6) lib/rails/rack/logger.rb:20:in `block in call'
  activesupport (4.1.6) lib/active_support/tagged_logging.rb:68:in `block in tagged'
  activesupport (4.1.6) lib/active_support/tagged_logging.rb:26:in `tagged'
  activesupport (4.1.6) lib/active_support/tagged_logging.rb:68:in `tagged'
  railties (4.1.6) lib/rails/rack/logger.rb:20:in `call'
  actionpack (4.1.6) lib/action_dispatch/middleware/request_id.rb:21:in `call'
  rack (1.5.2) lib/rack/methodoverride.rb:21:in `call'
  rack (1.5.2) lib/rack/runtime.rb:17:in `call'
  activesupport (4.1.6) lib/active_support/cache/strategy/local_cache_middleware.rb:26:in `call'
  rack (1.5.2) lib/rack/lock.rb:17:in `call'
  actionpack (4.1.6) lib/action_dispatch/middleware/static.rb:64:in `call'
  rack (1.5.2) lib/rack/sendfile.rb:112:in `call'
  railties (4.1.6) lib/rails/engine.rb:514:in `call'
  railties (4.1.6) lib/rails/application.rb:144:in `call'
  rack (1.5.2) lib/rack/lock.rb:17:in `call'
  rack (1.5.2) lib/rack/content_length.rb:14:in `call'
  rack (1.5.2) lib/rack/handler/webrick.rb:60:in `service'
  C:/RailsInstaller/Ruby1.9.3/lib/ruby/1.9.1/webrick/httpserver.rb:138:in `service'
  C:/RailsInstaller/Ruby1.9.3/lib/ruby/1.9.1/webrick/httpserver.rb:94:in `run'
  C:/RailsInstaller/Ruby1.9.3/lib/ruby/1.9.1/webrick/server.rb:191:in `block in start_thread'


  Rendered C:/RailsInstaller/Ruby1.9.3/lib/ruby/gems/1.9.1/gems/actionpack-4.1.6/lib/action_dispatch/middleware/templates/rescues/_trace.html.erb (2.0ms)
  Rendered C:/RailsInstaller/Ruby1.9.3/lib/ruby/gems/1.9.1/gems/actionpack-4.1.6/lib/action_dispatch/middleware/templates/routes/_route.html.erb (1.0ms)
  Rendered C:/RailsInstaller/Ruby1.9.3/lib/ruby/gems/1.9.1/gems/actionpack-4.1.6/lib/action_dispatch/middleware/templates/routes/_table.html.erb (0.0ms)
  Rendered C:/RailsInstaller/Ruby1.9.3/lib/ruby/gems/1.9.1/gems/actionpack-4.1.6/lib/action_dispatch/middleware/templates/rescues/routing_error.html.erb within rescues/layout (46.0ms)


Started GET "/projects" for 127.0.0.1 at 2014-09-20 17:39:45 -0400
Processing by ProjectsController#index as HTML
  [1m[35mProject Load (0.0ms)[0m  SELECT "projects".* FROM "projects"
  Rendered projects/index.html.erb within layouts/application (22.0ms)
Completed 200 OK in 82ms (Views: 81.0ms | ActiveRecord: 0.0ms)


Started GET "/assets/scaffolds.css?body=1" for 127.0.0.1 at 2014-09-20 17:39:45 -0400


Started GET "/assets/projects.css?body=1" for 127.0.0.1 at 2014-09-20 17:39:45 -0400


Started GET "/assets/application.css?body=1" for 127.0.0.1 at 2014-09-20 17:39:46 -0400


Started GET "/assets/jquery.js?body=1" for 127.0.0.1 at 2014-09-20 17:39:46 -0400


Started GET "/assets/jquery_ujs.js?body=1" for 127.0.0.1 at 2014-09-20 17:39:46 -0400


Started GET "/assets/turbolinks.js?body=1" for 127.0.0.1 at 2014-09-20 17:39:46 -0400


Started GET "/assets/projects.js?body=1" for 127.0.0.1 at 2014-09-20 17:39:46 -0400


Started GET "/assets/application.js?body=1" for 127.0.0.1 at 2014-09-20 17:39:46 -0400


Started GET "/images/l" for 127.0.0.1 at 2014-09-20 17:39:46 -0400

ActionController::RoutingError (No route matches [GET] "/images/l"):
  actionpack (4.1.6) lib/action_dispatch/middleware/debug_exceptions.rb:21:in `call'
  actionpack (4.1.6) lib/action_dispatch/middleware/show_exceptions.rb:30:in `call'
  railties (4.1.6) lib/rails/rack/logger.rb:38:in `call_app'
  railties (4.1.6) lib/rails/rack/logger.rb:20:in `block in call'
  activesupport (4.1.6) lib/active_support/tagged_logging.rb:68:in `block in tagged'
  activesupport (4.1.6) lib/active_support/tagged_logging.rb:26:in `tagged'
  activesupport (4.1.6) lib/active_support/tagged_logging.rb:68:in `tagged'
  railties (4.1.6) lib/rails/rack/logger.rb:20:in `call'
  actionpack (4.1.6) lib/action_dispatch/middleware/request_id.rb:21:in `call'
  rack (1.5.2) lib/rack/methodoverride.rb:21:in `call'
  rack (1.5.2) lib/rack/runtime.rb:17:in `call'
  activesupport (4.1.6) lib/active_support/cache/strategy/local_cache_middleware.rb:26:in `call'
  rack (1.5.2) lib/rack/lock.rb:17:in `call'
  actionpack (4.1.6) lib/action_dispatch/middleware/static.rb:64:in `call'
  rack (1.5.2) lib/rack/sendfile.rb:112:in `call'
  railties (4.1.6) lib/rails/engine.rb:514:in `call'
  railties (4.1.6) lib/rails/application.rb:144:in `call'
  rack (1.5.2) lib/rack/lock.rb:17:in `call'
  rack (1.5.2) lib/rack/content_length.rb:14:in `call'
  rack (1.5.2) lib/rack/handler/webrick.rb:60:in `service'
  C:/RailsInstaller/Ruby1.9.3/lib/ruby/1.9.1/webrick/httpserver.rb:138:in `service'
  C:/RailsInstaller/Ruby1.9.3/lib/ruby/1.9.1/webrick/httpserver.rb:94:in `run'
  C:/RailsInstaller/Ruby1.9.3/lib/ruby/1.9.1/webrick/server.rb:191:in `block in start_thread'


  Rendered C:/RailsInstaller/Ruby1.9.3/lib/ruby/gems/1.9.1/gems/actionpack-4.1.6/lib/action_dispatch/middleware/templates/rescues/_trace.html.erb (2.0ms)
  Rendered C:/RailsInstaller/Ruby1.9.3/lib/ruby/gems/1.9.1/gems/actionpack-4.1.6/lib/action_dispatch/middleware/templates/routes/_route.html.erb (1.0ms)
  Rendered C:/RailsInstaller/Ruby1.9.3/lib/ruby/gems/1.9.1/gems/actionpack-4.1.6/lib/action_dispatch/middleware/templates/routes/_table.html.erb (0.0ms)
  Rendered C:/RailsInstaller/Ruby1.9.3/lib/ruby/gems/1.9.1/gems/actionpack-4.1.6/lib/action_dispatch/middleware/templates/rescues/routing_error.html.erb within rescues/layout (40.0ms)


Started GET "/projects/1" for 127.0.0.1 at 2014-09-20 17:39:48 -0400
Processing by ProjectsController#show as HTML
  Parameters: {"id"=>"1"}
  [1m[36mProject Load (0.0ms)[0m  [1mSELECT  "projects".* FROM "projects"  WHERE "projects"."id" = ? LIMIT 1[0m  [["id", 1]]
  Rendered projects/show.html.erb within layouts/application (0.0ms)
Completed 200 OK in 57ms (Views: 55.0ms | ActiveRecord: 0.0ms)


Started GET "/projects/1" for 127.0.0.1 at 2014-09-20 17:41:04 -0400
Processing by ProjectsController#show as HTML
  Parameters: {"id"=>"1"}
  [1m[35mProject Load (1.0ms)[0m  SELECT  "projects".* FROM "projects"  WHERE "projects"."id" = ? LIMIT 1  [["id", 1]]
  Rendered projects/show.html.erb within layouts/application (41.0ms)
Completed 500 Internal Server Error in 53ms

ActionView::Template::Error (undefined local variable or method `project' for #<#<Class:0x42b9a18>:0x4eb6c88>):
    10:   <%= @project.description %>
    11: </p>
    12: <p><strong>Picture</strong>></p>>
    13: <%= image_tag(project.image_url, :class => 'list_image' ) %>
    14: 
    15: <p>
    16:   <strong>Image url:</strong>
  app/views/projects/show.html.erb:13:in `_app_views_projects_show_html_erb__409280992_41266284'


  Rendered C:/RailsInstaller/Ruby1.9.3/lib/ruby/gems/1.9.1/gems/actionpack-4.1.6/lib/action_dispatch/middleware/templates/rescues/_trace.html.erb (2.0ms)
  Rendered C:/RailsInstaller/Ruby1.9.3/lib/ruby/gems/1.9.1/gems/actionpack-4.1.6/lib/action_dispatch/middleware/templates/rescues/_request_and_response.html.erb (1.0ms)
  Rendered C:/RailsInstaller/Ruby1.9.3/lib/ruby/gems/1.9.1/gems/actionpack-4.1.6/lib/action_dispatch/middleware/templates/rescues/template_error.html.erb within rescues/layout (21.0ms)


Started GET "/projects/1" for 127.0.0.1 at 2014-09-20 17:41:46 -0400
Processing by ProjectsController#show as HTML
  Parameters: {"id"=>"1"}
  [1m[36mProject Load (1.0ms)[0m  [1mSELECT  "projects".* FROM "projects"  WHERE "projects"."id" = ? LIMIT 1[0m  [["id", 1]]
  Rendered projects/show.html.erb within layouts/application (3.0ms)
Completed 200 OK in 100ms (Views: 96.0ms | ActiveRecord: 1.0ms)


Started GET "/assets/application.css?body=1" for 127.0.0.1 at 2014-09-20 17:41:46 -0400


Started GET "/assets/scaffolds.css?body=1" for 127.0.0.1 at 2014-09-20 17:41:46 -0400


Started GET "/assets/projects.css?body=1" for 127.0.0.1 at 2014-09-20 17:41:46 -0400


Started GET "/assets/jquery.js?body=1" for 127.0.0.1 at 2014-09-20 17:41:46 -0400


Started GET "/assets/jquery_ujs.js?body=1" for 127.0.0.1 at 2014-09-20 17:41:46 -0400


Started GET "/assets/turbolinks.js?body=1" for 127.0.0.1 at 2014-09-20 17:41:46 -0400


Started GET "/assets/projects.js?body=1" for 127.0.0.1 at 2014-09-20 17:41:46 -0400


Started GET "/assets/application.js?body=1" for 127.0.0.1 at 2014-09-20 17:41:46 -0400


Started GET "/projects/1" for 127.0.0.1 at 2014-09-20 17:42:15 -0400
Processing by ProjectsController#show as HTML
  Parameters: {"id"=>"1"}
  [1m[35mProject Load (1.0ms)[0m  SELECT  "projects".* FROM "projects"  WHERE "projects"."id" = ? LIMIT 1  [["id", 1]]
  Rendered projects/show.html.erb within layouts/application (1.0ms)
Completed 200 OK in 64ms (Views: 61.1ms | ActiveRecord: 1.0ms)


Started GET "/assets/projects.css?body=1" for 127.0.0.1 at 2014-09-20 17:42:15 -0400


Started GET "/assets/scaffolds.css?body=1" for 127.0.0.1 at 2014-09-20 17:42:16 -0400


Started GET "/assets/application.css?body=1" for 127.0.0.1 at 2014-09-20 17:42:16 -0400


Started GET "/assets/jquery.js?body=1" for 127.0.0.1 at 2014-09-20 17:42:16 -0400


Started GET "/assets/jquery_ujs.js?body=1" for 127.0.0.1 at 2014-09-20 17:42:16 -0400


Started GET "/assets/turbolinks.js?body=1" for 127.0.0.1 at 2014-09-20 17:42:16 -0400


Started GET "/assets/projects.js?body=1" for 127.0.0.1 at 2014-09-20 17:42:16 -0400


Started GET "/assets/application.js?body=1" for 127.0.0.1 at 2014-09-20 17:42:16 -0400


Started GET "/projects" for 127.0.0.1 at 2014-09-20 17:42:29 -0400
Processing by ProjectsController#index as HTML
  [1m[36mProject Load (1.0ms)[0m  [1mSELECT "projects".* FROM "projects"[0m
  Rendered projects/index.html.erb within layouts/application (69.0ms)
Completed 200 OK in 134ms (Views: 132.1ms | ActiveRecord: 1.0ms)


Started GET "/images/l" for 127.0.0.1 at 2014-09-20 17:42:29 -0400

ActionController::RoutingError (No route matches [GET] "/images/l"):
  actionpack (4.1.6) lib/action_dispatch/middleware/debug_exceptions.rb:21:in `call'
  actionpack (4.1.6) lib/action_dispatch/middleware/show_exceptions.rb:30:in `call'
  railties (4.1.6) lib/rails/rack/logger.rb:38:in `call_app'
  railties (4.1.6) lib/rails/rack/logger.rb:20:in `block in call'
  activesupport (4.1.6) lib/active_support/tagged_logging.rb:68:in `block in tagged'
  activesupport (4.1.6) lib/active_support/tagged_logging.rb:26:in `tagged'
  activesupport (4.1.6) lib/active_support/tagged_logging.rb:68:in `tagged'
  railties (4.1.6) lib/rails/rack/logger.rb:20:in `call'
  actionpack (4.1.6) lib/action_dispatch/middleware/request_id.rb:21:in `call'
  rack (1.5.2) lib/rack/methodoverride.rb:21:in `call'
  rack (1.5.2) lib/rack/runtime.rb:17:in `call'
  activesupport (4.1.6) lib/active_support/cache/strategy/local_cache_middleware.rb:26:in `call'
  rack (1.5.2) lib/rack/lock.rb:17:in `call'
  actionpack (4.1.6) lib/action_dispatch/middleware/static.rb:64:in `call'
  rack (1.5.2) lib/rack/sendfile.rb:112:in `call'
  railties (4.1.6) lib/rails/engine.rb:514:in `call'
  railties (4.1.6) lib/rails/application.rb:144:in `call'
  rack (1.5.2) lib/rack/lock.rb:17:in `call'
  rack (1.5.2) lib/rack/content_length.rb:14:in `call'
  rack (1.5.2) lib/rack/handler/webrick.rb:60:in `service'
  C:/RailsInstaller/Ruby1.9.3/lib/ruby/1.9.1/webrick/httpserver.rb:138:in `service'
  C:/RailsInstaller/Ruby1.9.3/lib/ruby/1.9.1/webrick/httpserver.rb:94:in `run'
  C:/RailsInstaller/Ruby1.9.3/lib/ruby/1.9.1/webrick/server.rb:191:in `block in start_thread'


  Rendered C:/RailsInstaller/Ruby1.9.3/lib/ruby/gems/1.9.1/gems/actionpack-4.1.6/lib/action_dispatch/middleware/templates/rescues/_trace.html.erb (1.0ms)
  Rendered C:/RailsInstaller/Ruby1.9.3/lib/ruby/gems/1.9.1/gems/actionpack-4.1.6/lib/action_dispatch/middleware/templates/routes/_route.html.erb (1.0ms)
  Rendered C:/RailsInstaller/Ruby1.9.3/lib/ruby/gems/1.9.1/gems/actionpack-4.1.6/lib/action_dispatch/middleware/templates/routes/_table.html.erb (1.0ms)
  Rendered C:/RailsInstaller/Ruby1.9.3/lib/ruby/gems/1.9.1/gems/actionpack-4.1.6/lib/action_dispatch/middleware/templates/rescues/routing_error.html.erb within rescues/layout (47.0ms)


Started GET "/projects/new" for 127.0.0.1 at 2014-09-20 17:42:31 -0400
Processing by ProjectsController#new as HTML
  Rendered projects/_form.html.erb (2.0ms)
  Rendered projects/new.html.erb within layouts/application (3.0ms)
Completed 200 OK in 36ms (Views: 35.0ms | ActiveRecord: 0.0ms)


Started GET "/projects" for 127.0.0.1 at 2014-09-20 17:42:41 -0400
Processing by ProjectsController#index as HTML
  [1m[35mProject Load (0.0ms)[0m  SELECT "projects".* FROM "projects"
  Rendered projects/index.html.erb within layouts/application (14.0ms)
Completed 200 OK in 55ms (Views: 54.0ms | ActiveRecord: 0.0ms)


Started GET "/images/l" for 127.0.0.1 at 2014-09-20 17:42:42 -0400

ActionController::RoutingError (No route matches [GET] "/images/l"):
  actionpack (4.1.6) lib/action_dispatch/middleware/debug_exceptions.rb:21:in `call'
  actionpack (4.1.6) lib/action_dispatch/middleware/show_exceptions.rb:30:in `call'
  railties (4.1.6) lib/rails/rack/logger.rb:38:in `call_app'
  railties (4.1.6) lib/rails/rack/logger.rb:20:in `block in call'
  activesupport (4.1.6) lib/active_support/tagged_logging.rb:68:in `block in tagged'
  activesupport (4.1.6) lib/active_support/tagged_logging.rb:26:in `tagged'
  activesupport (4.1.6) lib/active_support/tagged_logging.rb:68:in `tagged'
  railties (4.1.6) lib/rails/rack/logger.rb:20:in `call'
  actionpack (4.1.6) lib/action_dispatch/middleware/request_id.rb:21:in `call'
  rack (1.5.2) lib/rack/methodoverride.rb:21:in `call'
  rack (1.5.2) lib/rack/runtime.rb:17:in `call'
  activesupport (4.1.6) lib/active_support/cache/strategy/local_cache_middleware.rb:26:in `call'
  rack (1.5.2) lib/rack/lock.rb:17:in `call'
  actionpack (4.1.6) lib/action_dispatch/middleware/static.rb:64:in `call'
  rack (1.5.2) lib/rack/sendfile.rb:112:in `call'
  railties (4.1.6) lib/rails/engine.rb:514:in `call'
  railties (4.1.6) lib/rails/application.rb:144:in `call'
  rack (1.5.2) lib/rack/lock.rb:17:in `call'
  rack (1.5.2) lib/rack/content_length.rb:14:in `call'
  rack (1.5.2) lib/rack/handler/webrick.rb:60:in `service'
  C:/RailsInstaller/Ruby1.9.3/lib/ruby/1.9.1/webrick/httpserver.rb:138:in `service'
  C:/RailsInstaller/Ruby1.9.3/lib/ruby/1.9.1/webrick/httpserver.rb:94:in `run'
  C:/RailsInstaller/Ruby1.9.3/lib/ruby/1.9.1/webrick/server.rb:191:in `block in start_thread'


  Rendered C:/RailsInstaller/Ruby1.9.3/lib/ruby/gems/1.9.1/gems/actionpack-4.1.6/lib/action_dispatch/middleware/templates/rescues/_trace.html.erb (3.0ms)
  Rendered C:/RailsInstaller/Ruby1.9.3/lib/ruby/gems/1.9.1/gems/actionpack-4.1.6/lib/action_dispatch/middleware/templates/routes/_route.html.erb (2.0ms)
  Rendered C:/RailsInstaller/Ruby1.9.3/lib/ruby/gems/1.9.1/gems/actionpack-4.1.6/lib/action_dispatch/middleware/templates/routes/_table.html.erb (2.0ms)
  Rendered C:/RailsInstaller/Ruby1.9.3/lib/ruby/gems/1.9.1/gems/actionpack-4.1.6/lib/action_dispatch/middleware/templates/rescues/routing_error.html.erb within rescues/layout (73.1ms)


Started DELETE "/projects/2" for 127.0.0.1 at 2014-09-20 17:42:50 -0400
Processing by ProjectsController#destroy as HTML
  Parameters: {"authenticity_token"=>"GivsHQpvrAXhOYR5L1opnGDgF7oYh9OHCKCPbjh8XUI=", "id"=>"2"}
  [1m[36mProject Load (1.0ms)[0m  [1mSELECT  "projects".* FROM "projects"  WHERE "projects"."id" = ? LIMIT 1[0m  [["id", 2]]
  [1m[35m (0.0ms)[0m  begin transaction
  [1m[36mSQL (1.0ms)[0m  [1mDELETE FROM "projects" WHERE "projects"."id" = ?[0m  [["id", 2]]
  [1m[35m (10.1ms)[0m  commit transaction
Redirected to http://localhost:3000/projects
Completed 302 Found in 16ms (ActiveRecord: 12.1ms)


Started GET "/projects" for 127.0.0.1 at 2014-09-20 17:42:50 -0400
Processing by ProjectsController#index as HTML
  [1m[36mProject Load (0.0ms)[0m  [1mSELECT "projects".* FROM "projects"[0m
  Rendered projects/index.html.erb within layouts/application (1.0ms)
Completed 200 OK in 59ms (Views: 58.0ms | ActiveRecord: 0.0ms)


Started GET "/assets/projects.css?body=1" for 127.0.0.1 at 2014-09-20 17:42:50 -0400


Started GET "/assets/scaffolds.css?body=1" for 127.0.0.1 at 2014-09-20 17:42:50 -0400


Started GET "/assets/application.css?body=1" for 127.0.0.1 at 2014-09-20 17:42:50 -0400


Started GET "/assets/jquery.js?body=1" for 127.0.0.1 at 2014-09-20 17:42:50 -0400


Started GET "/assets/jquery_ujs.js?body=1" for 127.0.0.1 at 2014-09-20 17:42:50 -0400


Started GET "/assets/turbolinks.js?body=1" for 127.0.0.1 at 2014-09-20 17:42:50 -0400


Started GET "/assets/projects.js?body=1" for 127.0.0.1 at 2014-09-20 17:42:50 -0400


Started GET "/assets/application.js?body=1" for 127.0.0.1 at 2014-09-20 17:42:50 -0400


Started GET "/projects/1/edit" for 127.0.0.1 at 2014-09-20 17:42:55 -0400
Processing by ProjectsController#edit as HTML
  Parameters: {"id"=>"1"}
  [1m[35mProject Load (0.0ms)[0m  SELECT  "projects".* FROM "projects"  WHERE "projects"."id" = ? LIMIT 1  [["id", 1]]
  Rendered projects/_form.html.erb (4.0ms)
  Rendered projects/edit.html.erb within layouts/application (10.0ms)
Completed 200 OK in 96ms (Views: 93.0ms | ActiveRecord: 0.0ms)


Started PATCH "/projects/1" for 127.0.0.1 at 2014-09-20 17:43:03 -0400
Processing by ProjectsController#update as HTML
  Parameters: {"utf8"=>"✓", "authenticity_token"=>"GivsHQpvrAXhOYR5L1opnGDgF7oYh9OHCKCPbjh8XUI=", "project"=>{"title"=>"title", "description"=>"words here", "image_url"=>"http://upload.wikimedia.org/wikipedia/en/3/39/Wakerlink.jpg"}, "commit"=>"Update Project", "id"=>"1"}
  [1m[36mProject Load (0.0ms)[0m  [1mSELECT  "projects".* FROM "projects"  WHERE "projects"."id" = ? LIMIT 1[0m  [["id", 1]]
  [1m[35m (0.0ms)[0m  begin transaction
  [1m[36mSQL (1.0ms)[0m  [1mUPDATE "projects" SET "description" = ?, "title" = ?, "updated_at" = ? WHERE "projects"."id" = 1[0m  [["description", "words here"], ["title", "title"], ["updated_at", "2014-09-20 21:43:03.621064"]]
  [1m[35m (6.0ms)[0m  commit transaction
Redirected to http://localhost:3000/projects/1
Completed 302 Found in 11ms (ActiveRecord: 7.0ms)


Started GET "/projects/1" for 127.0.0.1 at 2014-09-20 17:43:03 -0400
Processing by ProjectsController#show as HTML
  Parameters: {"id"=>"1"}
  [1m[36mProject Load (0.0ms)[0m  [1mSELECT  "projects".* FROM "projects"  WHERE "projects"."id" = ? LIMIT 1[0m  [["id", 1]]
  Rendered projects/show.html.erb within layouts/application (0.0ms)
Completed 200 OK in 62ms (Views: 61.1ms | ActiveRecord: 0.0ms)


Started GET "/assets/projects.css?body=1" for 127.0.0.1 at 2014-09-20 17:43:03 -0400


Started GET "/assets/scaffolds.css?body=1" for 127.0.0.1 at 2014-09-20 17:43:04 -0400


Started GET "/assets/application.css?body=1" for 127.0.0.1 at 2014-09-20 17:43:04 -0400


Started GET "/assets/jquery.js?body=1" for 127.0.0.1 at 2014-09-20 17:43:04 -0400


Started GET "/assets/jquery_ujs.js?body=1" for 127.0.0.1 at 2014-09-20 17:43:04 -0400


Started GET "/assets/turbolinks.js?body=1" for 127.0.0.1 at 2014-09-20 17:43:04 -0400


Started GET "/assets/projects.js?body=1" for 127.0.0.1 at 2014-09-20 17:43:04 -0400


Started GET "/assets/application.js?body=1" for 127.0.0.1 at 2014-09-20 17:43:04 -0400


Started GET "/projects" for 127.0.0.1 at 2014-09-20 17:43:13 -0400
Processing by ProjectsController#index as HTML
  [1m[35mProject Load (1.0ms)[0m  SELECT "projects".* FROM "projects"
  Rendered projects/index.html.erb within layouts/application (4.0ms)
Completed 200 OK in 84ms (Views: 81.0ms | ActiveRecord: 1.0ms)


Started GET "/projects/new" for 127.0.0.1 at 2014-09-20 17:49:01 -0400
  [1m[36mActiveRecord::SchemaMigration Load (1.0ms)[0m  [1mSELECT "schema_migrations".* FROM "schema_migrations"[0m
Processing by ProjectsController#new as HTML
  Rendered projects/_form.html.erb (23.0ms)
  Rendered projects/new.html.erb within layouts/application (30.0ms)
Completed 200 OK in 159ms (Views: 143.1ms | ActiveRecord: 1.0ms)


Started GET "/assets/projects.css?body=1" for 127.0.0.1 at 2014-09-20 17:49:02 -0400


Started GET "/assets/scaffolds.css?body=1" for 127.0.0.1 at 2014-09-20 17:49:02 -0400


Started GET "/assets/application.css?body=1" for 127.0.0.1 at 2014-09-20 17:49:02 -0400


Started GET "/assets/jquery.js?body=1" for 127.0.0.1 at 2014-09-20 17:49:02 -0400


Started GET "/assets/jquery_ujs.js?body=1" for 127.0.0.1 at 2014-09-20 17:49:02 -0400


Started GET "/assets/turbolinks.js?body=1" for 127.0.0.1 at 2014-09-20 17:49:02 -0400


Started GET "/assets/projects.js?body=1" for 127.0.0.1 at 2014-09-20 17:49:02 -0400


Started GET "/assets/application.js?body=1" for 127.0.0.1 at 2014-09-20 17:49:02 -0400


Started POST "/projects" for 127.0.0.1 at 2014-09-20 17:50:55 -0400
Processing by ProjectsController#create as HTML
  Parameters: {"utf8"=>"✓", "authenticity_token"=>"GivsHQpvrAXhOYR5L1opnGDgF7oYh9OHCKCPbjh8XUI=", "project"=>{"title"=>"bi", "description"=>"ad", "image_url"=>"http://cdn.ipetitions.com/user-images/petitions/beban/qLliuDdqTV2DrpQStaGS_dog.jpg"}, "commit"=>"Create Project"}
  [1m[35m (0.0ms)[0m  begin transaction
  [1m[36mSQL (1.0ms)[0m  [1mINSERT INTO "projects" ("created_at", "description", "image_url", "title", "updated_at") VALUES (?, ?, ?, ?, ?)[0m  [["created_at", "2014-09-20 21:50:55.975878"], ["description", "ad"], ["image_url", "http://cdn.ipetitions.com/user-images/petitions/beban/qLliuDdqTV2DrpQStaGS_dog.jpg"], ["title", "bi"], ["updated_at", "2014-09-20 21:50:55.975878"]]
  [1m[35m (20.1ms)[0m  commit transaction
Redirected to http://localhost:3000/projects/3
Completed 302 Found in 46ms (ActiveRecord: 21.1ms)


Started GET "/projects/3" for 127.0.0.1 at 2014-09-20 17:50:56 -0400
Processing by ProjectsController#show as HTML
  Parameters: {"id"=>"3"}
  [1m[36mProject Load (0.0ms)[0m  [1mSELECT  "projects".* FROM "projects"  WHERE "projects"."id" = ? LIMIT 1[0m  [["id", 3]]
  Rendered projects/show.html.erb within layouts/application (2.0ms)
Completed 200 OK in 50ms (Views: 47.0ms | ActiveRecord: 0.0ms)


Started GET "/assets/projects.css?body=1" for 127.0.0.1 at 2014-09-20 17:50:56 -0400


Started GET "/assets/scaffolds.css?body=1" for 127.0.0.1 at 2014-09-20 17:50:56 -0400


Started GET "/assets/application.css?body=1" for 127.0.0.1 at 2014-09-20 17:50:56 -0400


Started GET "/assets/jquery.js?body=1" for 127.0.0.1 at 2014-09-20 17:50:56 -0400


Started GET "/assets/jquery_ujs.js?body=1" for 127.0.0.1 at 2014-09-20 17:50:56 -0400


Started GET "/assets/turbolinks.js?body=1" for 127.0.0.1 at 2014-09-20 17:50:56 -0400


Started GET "/assets/projects.js?body=1" for 127.0.0.1 at 2014-09-20 17:50:56 -0400


Started GET "/assets/application.js?body=1" for 127.0.0.1 at 2014-09-20 17:50:56 -0400


Started GET "/projects/3/edit" for 127.0.0.1 at 2014-09-20 17:51:03 -0400
Processing by ProjectsController#edit as HTML
  Parameters: {"id"=>"3"}
  [1m[35mProject Load (0.0ms)[0m  SELECT  "projects".* FROM "projects"  WHERE "projects"."id" = ? LIMIT 1  [["id", 3]]
  Rendered projects/_form.html.erb (7.0ms)
  Rendered projects/edit.html.erb within layouts/application (13.0ms)
Completed 200 OK in 129ms (Views: 125.1ms | ActiveRecord: 0.0ms)


Started GET "/projects/3" for 127.0.0.1 at 2014-09-20 17:51:09 -0400
Processing by ProjectsController#show as HTML
  Parameters: {"id"=>"3"}
  [1m[36mProject Load (0.0ms)[0m  [1mSELECT  "projects".* FROM "projects"  WHERE "projects"."id" = ? LIMIT 1[0m  [["id", 3]]
  Rendered projects/show.html.erb within layouts/application (1.0ms)
Completed 200 OK in 56ms (Views: 55.0ms | ActiveRecord: 0.0ms)


Started GET "/projects" for 127.0.0.1 at 2014-09-20 17:51:16 -0400
Processing by ProjectsController#index as HTML
  [1m[35mProject Load (0.0ms)[0m  SELECT "projects".* FROM "projects"
  Rendered projects/index.html.erb within layouts/application (27.0ms)
Completed 200 OK in 58ms (Views: 58.1ms | ActiveRecord: 0.0ms)


Started GET "/assets/scaffolds.css?body=1" for 127.0.0.1 at 2014-09-20 17:51:16 -0400


Started GET "/assets/projects.css?body=1" for 127.0.0.1 at 2014-09-20 17:51:16 -0400


Started GET "/assets/application.css?body=1" for 127.0.0.1 at 2014-09-20 17:51:16 -0400


Started GET "/assets/jquery.js?body=1" for 127.0.0.1 at 2014-09-20 17:51:16 -0400


Started GET "/assets/jquery_ujs.js?body=1" for 127.0.0.1 at 2014-09-20 17:51:16 -0400


Started GET "/assets/turbolinks.js?body=1" for 127.0.0.1 at 2014-09-20 17:51:16 -0400


Started GET "/assets/projects.js?body=1" for 127.0.0.1 at 2014-09-20 17:51:16 -0400


Started GET "/assets/application.js?body=1" for 127.0.0.1 at 2014-09-20 17:51:16 -0400


Started DELETE "/projects/3" for 127.0.0.1 at 2014-09-20 17:52:02 -0400
Processing by ProjectsController#destroy as HTML
  Parameters: {"authenticity_token"=>"GivsHQpvrAXhOYR5L1opnGDgF7oYh9OHCKCPbjh8XUI=", "id"=>"3"}
  [1m[36mProject Load (1.0ms)[0m  [1mSELECT  "projects".* FROM "projects"  WHERE "projects"."id" = ? LIMIT 1[0m  [["id", 3]]
  [1m[35m (0.0ms)[0m  begin transaction
  [1m[36mSQL (1.0ms)[0m  [1mDELETE FROM "projects" WHERE "projects"."id" = ?[0m  [["id", 3]]
  [1m[35m (16.1ms)[0m  commit transaction
Redirected to http://localhost:3000/projects
Completed 302 Found in 27ms (ActiveRecord: 18.1ms)


Started GET "/projects" for 127.0.0.1 at 2014-09-20 17:52:02 -0400
Processing by ProjectsController#index as HTML
  [1m[36mProject Load (0.0ms)[0m  [1mSELECT "projects".* FROM "projects"[0m
  Rendered projects/index.html.erb within layouts/application (2.0ms)
Completed 200 OK in 55ms (Views: 55.0ms | ActiveRecord: 0.0ms)


Started GET "/assets/projects.css?body=1" for 127.0.0.1 at 2014-09-20 17:52:02 -0400


Started GET "/assets/scaffolds.css?body=1" for 127.0.0.1 at 2014-09-20 17:52:02 -0400


Started GET "/assets/application.css?body=1" for 127.0.0.1 at 2014-09-20 17:52:03 -0400


Started GET "/assets/jquery.js?body=1" for 127.0.0.1 at 2014-09-20 17:52:03 -0400


Started GET "/assets/jquery_ujs.js?body=1" for 127.0.0.1 at 2014-09-20 17:52:03 -0400


Started GET "/assets/turbolinks.js?body=1" for 127.0.0.1 at 2014-09-20 17:52:03 -0400


Started GET "/assets/projects.js?body=1" for 127.0.0.1 at 2014-09-20 17:52:03 -0400


Started GET "/assets/application.js?body=1" for 127.0.0.1 at 2014-09-20 17:52:03 -0400


Started GET "/" for 127.0.0.1 at 2014-09-20 18:09:19 -0400
  [1m[36mActiveRecord::SchemaMigration Load (0.0ms)[0m  [1mSELECT "schema_migrations".* FROM "schema_migrations"[0m

ActiveRecord::PendingMigrationError (

Migrations are pending. To resolve this issue, run:

	bin/rake db:migrate RAILS_ENV=development

):
  activerecord (4.1.6) lib/active_record/migration.rb:389:in `check_pending!'
  activerecord (4.1.6) lib/active_record/migration.rb:377:in `call'
  actionpack (4.1.6) lib/action_dispatch/middleware/callbacks.rb:29:in `block in call'
  activesupport (4.1.6) lib/active_support/callbacks.rb:82:in `run_callbacks'
  actionpack (4.1.6) lib/action_dispatch/middleware/callbacks.rb:27:in `call'
  actionpack (4.1.6) lib/action_dispatch/middleware/reloader.rb:73:in `call'
  actionpack (4.1.6) lib/action_dispatch/middleware/remote_ip.rb:76:in `call'
  actionpack (4.1.6) lib/action_dispatch/middleware/debug_exceptions.rb:17:in `call'
  actionpack (4.1.6) lib/action_dispatch/middleware/show_exceptions.rb:30:in `call'
  railties (4.1.6) lib/rails/rack/logger.rb:38:in `call_app'
  railties (4.1.6) lib/rails/rack/logger.rb:20:in `block in call'
  activesupport (4.1.6) lib/active_support/tagged_logging.rb:68:in `block in tagged'
  activesupport (4.1.6) lib/active_support/tagged_logging.rb:26:in `tagged'
  activesupport (4.1.6) lib/active_support/tagged_logging.rb:68:in `tagged'
  railties (4.1.6) lib/rails/rack/logger.rb:20:in `call'
  actionpack (4.1.6) lib/action_dispatch/middleware/request_id.rb:21:in `call'
  rack (1.5.2) lib/rack/methodoverride.rb:21:in `call'
  rack (1.5.2) lib/rack/runtime.rb:17:in `call'
  activesupport (4.1.6) lib/active_support/cache/strategy/local_cache_middleware.rb:26:in `call'
  rack (1.5.2) lib/rack/lock.rb:17:in `call'
  actionpack (4.1.6) lib/action_dispatch/middleware/static.rb:64:in `call'
  rack (1.5.2) lib/rack/sendfile.rb:112:in `call'
  railties (4.1.6) lib/rails/engine.rb:514:in `call'
  railties (4.1.6) lib/rails/application.rb:144:in `call'
  rack (1.5.2) lib/rack/lock.rb:17:in `call'
  rack (1.5.2) lib/rack/content_length.rb:14:in `call'
  rack (1.5.2) lib/rack/handler/webrick.rb:60:in `service'
  C:/RailsInstaller/Ruby1.9.3/lib/ruby/1.9.1/webrick/httpserver.rb:138:in `service'
  C:/RailsInstaller/Ruby1.9.3/lib/ruby/1.9.1/webrick/httpserver.rb:94:in `run'
  C:/RailsInstaller/Ruby1.9.3/lib/ruby/1.9.1/webrick/server.rb:191:in `block in start_thread'


  Rendered C:/RailsInstaller/Ruby1.9.3/lib/ruby/gems/1.9.1/gems/actionpack-4.1.6/lib/action_dispatch/middleware/templates/rescues/_source.erb (1.0ms)
  Rendered C:/RailsInstaller/Ruby1.9.3/lib/ruby/gems/1.9.1/gems/actionpack-4.1.6/lib/action_dispatch/middleware/templates/rescues/_trace.html.erb (1.0ms)
  Rendered C:/RailsInstaller/Ruby1.9.3/lib/ruby/gems/1.9.1/gems/actionpack-4.1.6/lib/action_dispatch/middleware/templates/rescues/_request_and_response.html.erb (2.0ms)
  Rendered C:/RailsInstaller/Ruby1.9.3/lib/ruby/gems/1.9.1/gems/actionpack-4.1.6/lib/action_dispatch/middleware/templates/rescues/diagnostics.erb within rescues/layout (64.0ms)


Started GET "/profiles" for 127.0.0.1 at 2014-09-20 18:09:28 -0400
  [1m[35mActiveRecord::SchemaMigration Load (1.0ms)[0m  SELECT "schema_migrations".* FROM "schema_migrations"

ActiveRecord::PendingMigrationError (

Migrations are pending. To resolve this issue, run:

	bin/rake db:migrate RAILS_ENV=development

):
  activerecord (4.1.6) lib/active_record/migration.rb:389:in `check_pending!'
  activerecord (4.1.6) lib/active_record/migration.rb:377:in `call'
  actionpack (4.1.6) lib/action_dispatch/middleware/callbacks.rb:29:in `block in call'
  activesupport (4.1.6) lib/active_support/callbacks.rb:82:in `run_callbacks'
  actionpack (4.1.6) lib/action_dispatch/middleware/callbacks.rb:27:in `call'
  actionpack (4.1.6) lib/action_dispatch/middleware/reloader.rb:73:in `call'
  actionpack (4.1.6) lib/action_dispatch/middleware/remote_ip.rb:76:in `call'
  actionpack (4.1.6) lib/action_dispatch/middleware/debug_exceptions.rb:17:in `call'
  actionpack (4.1.6) lib/action_dispatch/middleware/show_exceptions.rb:30:in `call'
  railties (4.1.6) lib/rails/rack/logger.rb:38:in `call_app'
  railties (4.1.6) lib/rails/rack/logger.rb:20:in `block in call'
  activesupport (4.1.6) lib/active_support/tagged_logging.rb:68:in `block in tagged'
  activesupport (4.1.6) lib/active_support/tagged_logging.rb:26:in `tagged'
  activesupport (4.1.6) lib/active_support/tagged_logging.rb:68:in `tagged'
  railties (4.1.6) lib/rails/rack/logger.rb:20:in `call'
  actionpack (4.1.6) lib/action_dispatch/middleware/request_id.rb:21:in `call'
  rack (1.5.2) lib/rack/methodoverride.rb:21:in `call'
  rack (1.5.2) lib/rack/runtime.rb:17:in `call'
  activesupport (4.1.6) lib/active_support/cache/strategy/local_cache_middleware.rb:26:in `call'
  rack (1.5.2) lib/rack/lock.rb:17:in `call'
  actionpack (4.1.6) lib/action_dispatch/middleware/static.rb:64:in `call'
  rack (1.5.2) lib/rack/sendfile.rb:112:in `call'
  railties (4.1.6) lib/rails/engine.rb:514:in `call'
  railties (4.1.6) lib/rails/application.rb:144:in `call'
  rack (1.5.2) lib/rack/lock.rb:17:in `call'
  rack (1.5.2) lib/rack/content_length.rb:14:in `call'
  rack (1.5.2) lib/rack/handler/webrick.rb:60:in `service'
  C:/RailsInstaller/Ruby1.9.3/lib/ruby/1.9.1/webrick/httpserver.rb:138:in `service'
  C:/RailsInstaller/Ruby1.9.3/lib/ruby/1.9.1/webrick/httpserver.rb:94:in `run'
  C:/RailsInstaller/Ruby1.9.3/lib/ruby/1.9.1/webrick/server.rb:191:in `block in start_thread'


  Rendered C:/RailsInstaller/Ruby1.9.3/lib/ruby/gems/1.9.1/gems/actionpack-4.1.6/lib/action_dispatch/middleware/templates/rescues/_source.erb (1.0ms)
  Rendered C:/RailsInstaller/Ruby1.9.3/lib/ruby/gems/1.9.1/gems/actionpack-4.1.6/lib/action_dispatch/middleware/templates/rescues/_trace.html.erb (1.0ms)
  Rendered C:/RailsInstaller/Ruby1.9.3/lib/ruby/gems/1.9.1/gems/actionpack-4.1.6/lib/action_dispatch/middleware/templates/rescues/_request_and_response.html.erb (1.0ms)
  Rendered C:/RailsInstaller/Ruby1.9.3/lib/ruby/gems/1.9.1/gems/actionpack-4.1.6/lib/action_dispatch/middleware/templates/rescues/diagnostics.erb within rescues/layout (29.0ms)
  [1m[36mActiveRecord::SchemaMigration Load (1.0ms)[0m  [1mSELECT "schema_migrations".* FROM "schema_migrations"[0m
Migrating to CreateProfiles (20140920220515)
  [1m[35m (0.0ms)[0m  begin transaction
  [1m[36m (1.0ms)[0m  [1mCREATE TABLE "profiles" ("id" INTEGER PRIMARY KEY AUTOINCREMENT NOT NULL, "first_name" varchar(255), "last_name" varchar(255), "bio" text, "email" varchar(255), "image_url" varchar(255), "created_at" datetime, "updated_at" datetime) [0m
  [1m[35mSQL (0.0ms)[0m  INSERT INTO "schema_migrations" ("version") VALUES (?)  [["version", "20140920220515"]]
  [1m[36m (9.0ms)[0m  [1mcommit transaction[0m
  [1m[35mActiveRecord::SchemaMigration Load (0.0ms)[0m  SELECT "schema_migrations".* FROM "schema_migrations"


Started GET "/profiles" for 127.0.0.1 at 2014-09-20 18:10:06 -0400
  [1m[36mActiveRecord::SchemaMigration Load (1.0ms)[0m  [1mSELECT "schema_migrations".* FROM "schema_migrations"[0m
Processing by ProfilesController#index as HTML
  [1m[35mProfile Load (0.0ms)[0m  SELECT "profiles".* FROM "profiles"
  Rendered profiles/index.html.erb within layouts/application (4.0ms)
Completed 200 OK in 584ms (Views: 559.4ms | ActiveRecord: 0.0ms)


Started GET "/assets/profiles.css?body=1" for 127.0.0.1 at 2014-09-20 18:10:07 -0400


Started GET "/assets/jquery.js?body=1" for 127.0.0.1 at 2014-09-20 18:10:07 -0400


Started GET "/assets/jquery_ujs.js?body=1" for 127.0.0.1 at 2014-09-20 18:10:07 -0400


Started GET "/assets/application.css?body=1" for 127.0.0.1 at 2014-09-20 18:10:07 -0400


Started GET "/assets/turbolinks.js?body=1" for 127.0.0.1 at 2014-09-20 18:10:07 -0400


Started GET "/assets/scaffolds.css?body=1" for 127.0.0.1 at 2014-09-20 18:10:07 -0400


Started GET "/assets/projects.css?body=1" for 127.0.0.1 at 2014-09-20 18:10:07 -0400


Started GET "/assets/profiles.js?body=1" for 127.0.0.1 at 2014-09-20 18:10:07 -0400


Started GET "/assets/projects.js?body=1" for 127.0.0.1 at 2014-09-20 18:10:07 -0400


Started GET "/assets/application.js?body=1" for 127.0.0.1 at 2014-09-20 18:10:07 -0400


Started GET "/profiles/new" for 127.0.0.1 at 2014-09-20 18:10:09 -0400
Processing by ProfilesController#new as HTML
  Rendered profiles/_form.html.erb (44.0ms)
  Rendered profiles/new.html.erb within layouts/application (51.0ms)
Completed 200 OK in 92ms (Views: 91.1ms | ActiveRecord: 1.0ms)


Started POST "/profiles" for 127.0.0.1 at 2014-09-20 18:38:31 -0400
Processing by ProfilesController#create as HTML
  Parameters: {"utf8"=>"✓", "authenticity_token"=>"GivsHQpvrAXhOYR5L1opnGDgF7oYh9OHCKCPbjh8XUI=", "profile"=>{"first_name"=>"tod", "last_name"=>"floop", "bio"=>"i a m s p a c e", "email"=>"a@space.com", "image_url"=>"http://fc06.deviantart.net/fs70/i/2011/214/4/2/toon_link_by_nickmester-d42md76.jpg"}, "commit"=>"Create Profile"}
  [1m[36m (0.0ms)[0m  [1mbegin transaction[0m
  [1m[35mProfile Exists (1.0ms)[0m  SELECT  1 AS one FROM "profiles"  WHERE LOWER("profiles"."email") = LOWER('a@space.com') LIMIT 1
  [1m[36mSQL (1.0ms)[0m  [1mINSERT INTO "profiles" ("bio", "created_at", "email", "first_name", "image_url", "last_name", "updated_at") VALUES (?, ?, ?, ?, ?, ?, ?)[0m  [["bio", "i a m s p a c e"], ["created_at", "2014-09-20 22:38:31.540271"], ["email", "a@space.com"], ["first_name", "tod"], ["image_url", "http://fc06.deviantart.net/fs70/i/2011/214/4/2/toon_link_by_nickmester-d42md76.jpg"], ["last_name", "floop"], ["updated_at", "2014-09-20 22:38:31.540271"]]
  [1m[35m (6.0ms)[0m  commit transaction
Redirected to http://localhost:3000/profiles/1
Completed 302 Found in 56ms (ActiveRecord: 8.0ms)


Started GET "/profiles/1" for 127.0.0.1 at 2014-09-20 18:38:31 -0400
Processing by ProfilesController#show as HTML
  Parameters: {"id"=>"1"}
  [1m[36mProfile Load (0.0ms)[0m  [1mSELECT  "profiles".* FROM "profiles"  WHERE "profiles"."id" = ? LIMIT 1[0m  [["id", 1]]
  Rendered profiles/show.html.erb within layouts/application (14.0ms)
Completed 500 Internal Server Error in 49ms

ActionView::Template::Error (undefined method `image_url' for nil:NilClass):
    21: </p>
    22: 
    23: <p><strong>Picture</strong></p>
    24: <%= image_tag(@project.image_url, :class => 'list_image' ) %>
    25: 
    26: <p>
    27:   <strong>Image url:</strong>
  app/views/profiles/show.html.erb:24:in `_app_views_profiles_show_html_erb__443688876_42156828'


  Rendered C:/RailsInstaller/Ruby1.9.3/lib/ruby/gems/1.9.1/gems/actionpack-4.1.6/lib/action_dispatch/middleware/templates/rescues/_trace.html.erb (2.0ms)
  Rendered C:/RailsInstaller/Ruby1.9.3/lib/ruby/gems/1.9.1/gems/actionpack-4.1.6/lib/action_dispatch/middleware/templates/rescues/_request_and_response.html.erb (1.0ms)
  Rendered C:/RailsInstaller/Ruby1.9.3/lib/ruby/gems/1.9.1/gems/actionpack-4.1.6/lib/action_dispatch/middleware/templates/rescues/template_error.html.erb within rescues/layout (24.0ms)


Started GET "/profiles/1" for 127.0.0.1 at 2014-09-20 18:38:50 -0400
Processing by ProfilesController#show as HTML
  Parameters: {"id"=>"1"}
  [1m[35mProfile Load (0.0ms)[0m  SELECT  "profiles".* FROM "profiles"  WHERE "profiles"."id" = ? LIMIT 1  [["id", 1]]
  Rendered profiles/show.html.erb within layouts/application (3.0ms)
Completed 200 OK in 123ms (Views: 118.1ms | ActiveRecord: 0.0ms)


Started GET "/assets/profiles.css?body=1" for 127.0.0.1 at 2014-09-20 18:38:50 -0400


Started GET "/assets/projects.css?body=1" for 127.0.0.1 at 2014-09-20 18:38:50 -0400


Started GET "/assets/scaffolds.css?body=1" for 127.0.0.1 at 2014-09-20 18:38:50 -0400


Started GET "/assets/application.css?body=1" for 127.0.0.1 at 2014-09-20 18:38:50 -0400


Started GET "/assets/jquery.js?body=1" for 127.0.0.1 at 2014-09-20 18:38:50 -0400


Started GET "/assets/jquery_ujs.js?body=1" for 127.0.0.1 at 2014-09-20 18:38:51 -0400


Started GET "/assets/turbolinks.js?body=1" for 127.0.0.1 at 2014-09-20 18:38:51 -0400


Started GET "/assets/profiles.js?body=1" for 127.0.0.1 at 2014-09-20 18:38:51 -0400


Started GET "/assets/projects.js?body=1" for 127.0.0.1 at 2014-09-20 18:38:51 -0400


Started GET "/assets/application.js?body=1" for 127.0.0.1 at 2014-09-20 18:38:51 -0400


Started GET "/profiles/1" for 127.0.0.1 at 2014-09-21 13:06:14 -0400

NameError (uninitialized constant RailsAdmin):
  config/routes.rb:6:in `block in <top (required)>'
  config/routes.rb:1:in `<top (required)>'


  Rendered C:/RailsInstaller/Ruby1.9.3/lib/ruby/gems/1.9.1/gems/actionpack-4.1.6/lib/action_dispatch/middleware/templates/rescues/_source.erb (0.0ms)
  Rendered C:/RailsInstaller/Ruby1.9.3/lib/ruby/gems/1.9.1/gems/actionpack-4.1.6/lib/action_dispatch/middleware/templates/rescues/_trace.html.erb (1.0ms)
  Rendered C:/RailsInstaller/Ruby1.9.3/lib/ruby/gems/1.9.1/gems/actionpack-4.1.6/lib/action_dispatch/middleware/templates/rescues/_request_and_response.html.erb (1.0ms)
  Rendered C:/RailsInstaller/Ruby1.9.3/lib/ruby/gems/1.9.1/gems/actionpack-4.1.6/lib/action_dispatch/middleware/templates/rescues/diagnostics.erb within rescues/layout (48.0ms)


Started GET "/profiles/1" for 127.0.0.1 at 2014-09-21 13:07:38 -0400
Processing by ProfilesController#show as HTML
  Parameters: {"id"=>"1"}
  [1m[36mProfile Load (1.0ms)[0m  [1mSELECT  "profiles".* FROM "profiles"  WHERE "profiles"."id" = ? LIMIT 1[0m  [["id", 1]]
  Rendered profiles/show.html.erb within layouts/application (1.0ms)
Completed 200 OK in 100ms (Views: 79.1ms | ActiveRecord: 1.0ms)


Started GET "/assets/scaffolds.css?body=1" for 127.0.0.1 at 2014-09-21 13:07:38 -0400


Started GET "/assets/projects.css?body=1" for 127.0.0.1 at 2014-09-21 13:07:38 -0400


Started GET "/assets/application.css?body=1" for 127.0.0.1 at 2014-09-21 13:07:38 -0400


Started GET "/assets/profiles.css?body=1" for 127.0.0.1 at 2014-09-21 13:07:38 -0400


Started GET "/assets/jquery.js?body=1" for 127.0.0.1 at 2014-09-21 13:07:38 -0400


Started GET "/assets/jquery_ujs.js?body=1" for 127.0.0.1 at 2014-09-21 13:07:38 -0400


Started GET "/assets/turbolinks.js?body=1" for 127.0.0.1 at 2014-09-21 13:07:38 -0400


Started GET "/assets/profiles.js?body=1" for 127.0.0.1 at 2014-09-21 13:07:38 -0400


Started GET "/assets/projects.js?body=1" for 127.0.0.1 at 2014-09-21 13:07:38 -0400


Started GET "/assets/application.js?body=1" for 127.0.0.1 at 2014-09-21 13:07:38 -0400


Started GET "/admin" for 127.0.0.1 at 2014-09-21 13:07:43 -0400

ActionController::RoutingError (No route matches [GET] "/admin"):
  actionpack (4.1.6) lib/action_dispatch/middleware/debug_exceptions.rb:21:in `call'
  actionpack (4.1.6) lib/action_dispatch/middleware/show_exceptions.rb:30:in `call'
  railties (4.1.6) lib/rails/rack/logger.rb:38:in `call_app'
  railties (4.1.6) lib/rails/rack/logger.rb:20:in `block in call'
  activesupport (4.1.6) lib/active_support/tagged_logging.rb:68:in `block in tagged'
  activesupport (4.1.6) lib/active_support/tagged_logging.rb:26:in `tagged'
  activesupport (4.1.6) lib/active_support/tagged_logging.rb:68:in `tagged'
  railties (4.1.6) lib/rails/rack/logger.rb:20:in `call'
  actionpack (4.1.6) lib/action_dispatch/middleware/request_id.rb:21:in `call'
  rack (1.5.2) lib/rack/methodoverride.rb:21:in `call'
  rack (1.5.2) lib/rack/runtime.rb:17:in `call'
  activesupport (4.1.6) lib/active_support/cache/strategy/local_cache_middleware.rb:26:in `call'
  rack (1.5.2) lib/rack/lock.rb:17:in `call'
  actionpack (4.1.6) lib/action_dispatch/middleware/static.rb:64:in `call'
  rack (1.5.2) lib/rack/sendfile.rb:112:in `call'
  railties (4.1.6) lib/rails/engine.rb:514:in `call'
  railties (4.1.6) lib/rails/application.rb:144:in `call'
  rack (1.5.2) lib/rack/lock.rb:17:in `call'
  rack (1.5.2) lib/rack/content_length.rb:14:in `call'
  rack (1.5.2) lib/rack/handler/webrick.rb:60:in `service'
  C:/RailsInstaller/Ruby1.9.3/lib/ruby/1.9.1/webrick/httpserver.rb:138:in `service'
  C:/RailsInstaller/Ruby1.9.3/lib/ruby/1.9.1/webrick/httpserver.rb:94:in `run'
  C:/RailsInstaller/Ruby1.9.3/lib/ruby/1.9.1/webrick/server.rb:191:in `block in start_thread'


  Rendered C:/RailsInstaller/Ruby1.9.3/lib/ruby/gems/1.9.1/gems/actionpack-4.1.6/lib/action_dispatch/middleware/templates/rescues/_trace.html.erb (1.0ms)
  Rendered C:/RailsInstaller/Ruby1.9.3/lib/ruby/gems/1.9.1/gems/actionpack-4.1.6/lib/action_dispatch/middleware/templates/routes/_route.html.erb (1.0ms)
  Rendered C:/RailsInstaller/Ruby1.9.3/lib/ruby/gems/1.9.1/gems/actionpack-4.1.6/lib/action_dispatch/middleware/templates/routes/_table.html.erb (5.0ms)
  Rendered C:/RailsInstaller/Ruby1.9.3/lib/ruby/gems/1.9.1/gems/actionpack-4.1.6/lib/action_dispatch/middleware/templates/rescues/routing_error.html.erb within rescues/layout (72.0ms)
  [1m[36mActiveRecord::SchemaMigration Load (0.0ms)[0m  [1mSELECT "schema_migrations".* FROM "schema_migrations"[0m
  [1m[35mActiveRecord::SchemaMigration Load (0.0ms)[0m  SELECT "schema_migrations".* FROM "schema_migrations"


Started GET "/admin" for 127.0.0.1 at 2014-09-21 13:11:24 -0400
  [1m[36mActiveRecord::SchemaMigration Load (0.0ms)[0m  [1mSELECT "schema_migrations".* FROM "schema_migrations"[0m
Processing by RailsAdmin::MainController#dashboard as HTML
  [1m[35m (0.0ms)[0m  SELECT COUNT(*) FROM "profiles"
  [1m[36mProfile Load (0.0ms)[0m  [1mSELECT  "profiles".* FROM "profiles"   ORDER BY profiles.updated_at desc LIMIT 1[0m
  [1m[35m (0.0ms)[0m  SELECT COUNT(*) FROM "projects"
  [1m[36mProject Load (0.0ms)[0m  [1mSELECT  "projects".* FROM "projects"   ORDER BY projects.updated_at desc LIMIT 1[0m
  Rendered C:/RailsInstaller/Ruby1.9.3/lib/ruby/gems/1.9.1/gems/rails_admin-0.6.3/app/views/rails_admin/main/dashboard.html.haml within layouts/rails_admin/application (14.0ms)
  Rendered C:/RailsInstaller/Ruby1.9.3/lib/ruby/gems/1.9.1/gems/rails_admin-0.6.3/app/views/layouts/rails_admin/_secondary_navigation.html.haml (7.0ms)
  Rendered C:/RailsInstaller/Ruby1.9.3/lib/ruby/gems/1.9.1/gems/rails_admin-0.6.3/app/views/layouts/rails_admin/pjax.html.haml (3.0ms)
Completed 200 OK in 5587ms (Views: 5492.3ms | ActiveRecord: 2.0ms)


Started GET "/admin" for 127.0.0.1 at 2014-09-21 13:11:30 -0400
Processing by RailsAdmin::MainController#dashboard as HTML
  [1m[35m (0.0ms)[0m  SELECT COUNT(*) FROM "profiles"
  [1m[36mProfile Load (0.0ms)[0m  [1mSELECT  "profiles".* FROM "profiles"   ORDER BY profiles.updated_at desc LIMIT 1[0m
  [1m[35m (0.0ms)[0m  SELECT COUNT(*) FROM "projects"
  [1m[36mProject Load (1.0ms)[0m  [1mSELECT  "projects".* FROM "projects"   ORDER BY projects.updated_at desc LIMIT 1[0m
  Rendered C:/RailsInstaller/Ruby1.9.3/lib/ruby/gems/1.9.1/gems/rails_admin-0.6.3/app/views/rails_admin/main/dashboard.html.haml within layouts/rails_admin/application (5.0ms)
  Rendered C:/RailsInstaller/Ruby1.9.3/lib/ruby/gems/1.9.1/gems/rails_admin-0.6.3/app/views/layouts/rails_admin/_secondary_navigation.html.haml (0.0ms)
  Rendered C:/RailsInstaller/Ruby1.9.3/lib/ruby/gems/1.9.1/gems/rails_admin-0.6.3/app/views/layouts/rails_admin/pjax.html.haml (1.0ms)
Completed 200 OK in 392ms (Views: 388.3ms | ActiveRecord: 1.0ms)


Started GET "/assets/rails_admin/rails_admin.css?body=1" for 127.0.0.1 at 2014-09-21 13:11:30 -0400


Started GET "/assets/jquery.js?body=1" for 127.0.0.1 at 2014-09-21 13:11:30 -0400


Started GET "/assets/jquery_ujs.js?body=1" for 127.0.0.1 at 2014-09-21 13:11:31 -0400


Started GET "/assets/jquery.iframe-transport.js?body=1" for 127.0.0.1 at 2014-09-21 13:11:31 -0400


Started GET "/assets/rails_admin/jquery.remotipart.fixed.js?body=1" for 127.0.0.1 at 2014-09-21 13:11:31 -0400


Started GET "/assets/jquery.ui.effect.js?body=1" for 127.0.0.1 at 2014-09-21 13:11:31 -0400


Started GET "/assets/jquery.ui.core.js?body=1" for 127.0.0.1 at 2014-09-21 13:11:31 -0400


Started GET "/assets/jquery.ui.widget.js?body=1" for 127.0.0.1 at 2014-09-21 13:11:31 -0400


Started GET "/assets/jquery.ui.mouse.js?body=1" for 127.0.0.1 at 2014-09-21 13:11:31 -0400


Started GET "/assets/jquery.ui.sortable.js?body=1" for 127.0.0.1 at 2014-09-21 13:11:31 -0400


Started GET "/assets/jquery.ui.position.js?body=1" for 127.0.0.1 at 2014-09-21 13:11:31 -0400


Started GET "/assets/jquery.ui.menu.js?body=1" for 127.0.0.1 at 2014-09-21 13:11:31 -0400


Started GET "/assets/jquery.ui.autocomplete.js?body=1" for 127.0.0.1 at 2014-09-21 13:11:31 -0400


Started GET "/assets/jquery.ui.datepicker.js?body=1" for 127.0.0.1 at 2014-09-21 13:11:31 -0400


Started GET "/assets/rails_admin/jquery.ui.timepicker.js?body=1" for 127.0.0.1 at 2014-09-21 13:11:31 -0400


Started GET "/assets/rails_admin/ra.datetimepicker.js?body=1" for 127.0.0.1 at 2014-09-21 13:11:31 -0400


Started GET "/assets/rails_admin/jquery.colorpicker.js?body=1" for 127.0.0.1 at 2014-09-21 13:11:31 -0400


Started GET "/assets/rails_admin/ra.filter-box.js?body=1" for 127.0.0.1 at 2014-09-21 13:11:31 -0400


Started GET "/assets/rails_admin/ra.filtering-multiselect.js?body=1" for 127.0.0.1 at 2014-09-21 13:11:31 -0400


Started GET "/assets/rails_admin/ra.filtering-select.js?body=1" for 127.0.0.1 at 2014-09-21 13:11:31 -0400


Started GET "/assets/rails_admin/ra.remote-form.js?body=1" for 127.0.0.1 at 2014-09-21 13:11:31 -0400


Started GET "/assets/rails_admin/jquery.pjax.js?body=1" for 127.0.0.1 at 2014-09-21 13:11:31 -0400


Started GET "/assets/jquery_nested_form.js?body=1" for 127.0.0.1 at 2014-09-21 13:11:31 -0400


Started GET "/assets/rails_admin/ra.nested-form-hooks.js?body=1" for 127.0.0.1 at 2014-09-21 13:11:31 -0400


Started GET "/assets/rails_admin/ra.i18n.js?body=1" for 127.0.0.1 at 2014-09-21 13:11:31 -0400


Started GET "/assets/rails_admin/bootstrap/bootstrap-transition.js?body=1" for 127.0.0.1 at 2014-09-21 13:11:31 -0400


Started GET "/assets/rails_admin/bootstrap/bootstrap-affix.js?body=1" for 127.0.0.1 at 2014-09-21 13:11:31 -0400


Started GET "/assets/rails_admin/bootstrap/bootstrap-alert.js?body=1" for 127.0.0.1 at 2014-09-21 13:11:31 -0400


Started GET "/assets/rails_admin/bootstrap/bootstrap-button.js?body=1" for 127.0.0.1 at 2014-09-21 13:11:31 -0400


Started GET "/assets/rails_admin/bootstrap/bootstrap-carousel.js?body=1" for 127.0.0.1 at 2014-09-21 13:11:31 -0400


Started GET "/assets/rails_admin/bootstrap/bootstrap-collapse.js?body=1" for 127.0.0.1 at 2014-09-21 13:11:32 -0400


Started GET "/assets/rails_admin/bootstrap/bootstrap-dropdown.js?body=1" for 127.0.0.1 at 2014-09-21 13:11:32 -0400


Started GET "/assets/rails_admin/bootstrap/bootstrap-modal.js?body=1" for 127.0.0.1 at 2014-09-21 13:11:32 -0400


Started GET "/assets/rails_admin/bootstrap/bootstrap-scrollspy.js?body=1" for 127.0.0.1 at 2014-09-21 13:11:32 -0400


Started GET "/assets/rails_admin/bootstrap/bootstrap-tab.js?body=1" for 127.0.0.1 at 2014-09-21 13:11:32 -0400


Started GET "/assets/rails_admin/bootstrap/bootstrap-tooltip.js?body=1" for 127.0.0.1 at 2014-09-21 13:11:32 -0400


Started GET "/assets/rails_admin/bootstrap/bootstrap-popover.js?body=1" for 127.0.0.1 at 2014-09-21 13:11:32 -0400


Started GET "/assets/rails_admin/bootstrap/bootstrap-typeahead.js?body=1" for 127.0.0.1 at 2014-09-21 13:11:32 -0400


Started GET "/assets/rails_admin/bootstrap/bootstrap.js?body=1" for 127.0.0.1 at 2014-09-21 13:11:32 -0400


Started GET "/assets/rails_admin/ra.widgets.js?body=1" for 127.0.0.1 at 2014-09-21 13:11:32 -0400


Started GET "/assets/rails_admin/ui.js?body=1" for 127.0.0.1 at 2014-09-21 13:11:32 -0400


Started GET "/" for 127.0.0.1 at 2014-09-21 13:11:32 -0400
Processing by Rails::WelcomeController#index as HTML
  Rendered C:/RailsInstaller/Ruby1.9.3/lib/ruby/gems/1.9.1/gems/railties-4.1.6/lib/rails/templates/rails/welcome/index.html.erb (0.0ms)
Completed 200 OK in 6ms (Views: 6.0ms | ActiveRecord: 0.0ms)


Started GET "/assets/rails_admin/custom/ui.js?body=1" for 127.0.0.1 at 2014-09-21 13:11:32 -0400


Started GET "/assets/rails_admin/rails_admin.js?body=1" for 127.0.0.1 at 2014-09-21 13:11:32 -0400


Started GET "/admin" for 127.0.0.1 at 2014-09-21 13:11:37 -0400
Processing by RailsAdmin::MainController#dashboard as HTML
  [1m[35m (0.0ms)[0m  SELECT COUNT(*) FROM "profiles"
  [1m[36mProfile Load (0.0ms)[0m  [1mSELECT  "profiles".* FROM "profiles"   ORDER BY profiles.updated_at desc LIMIT 1[0m
  [1m[35m (0.0ms)[0m  SELECT COUNT(*) FROM "projects"
  [1m[36mProject Load (0.0ms)[0m  [1mSELECT  "projects".* FROM "projects"   ORDER BY projects.updated_at desc LIMIT 1[0m
  Rendered C:/RailsInstaller/Ruby1.9.3/lib/ruby/gems/1.9.1/gems/rails_admin-0.6.3/app/views/rails_admin/main/dashboard.html.haml within layouts/rails_admin/application (5.0ms)
  Rendered C:/RailsInstaller/Ruby1.9.3/lib/ruby/gems/1.9.1/gems/rails_admin-0.6.3/app/views/layouts/rails_admin/_secondary_navigation.html.haml (1.0ms)
  Rendered C:/RailsInstaller/Ruby1.9.3/lib/ruby/gems/1.9.1/gems/rails_admin-0.6.3/app/views/layouts/rails_admin/pjax.html.haml (1.0ms)
Completed 200 OK in 397ms (Views: 392.3ms | ActiveRecord: 0.0ms)


Started GET "/assets/jquery.js?body=1" for 127.0.0.1 at 2014-09-21 13:11:37 -0400


Started GET "/assets/jquery_ujs.js?body=1" for 127.0.0.1 at 2014-09-21 13:11:37 -0400


Started GET "/assets/jquery.iframe-transport.js?body=1" for 127.0.0.1 at 2014-09-21 13:11:37 -0400


Started GET "/assets/rails_admin/jquery.remotipart.fixed.js?body=1" for 127.0.0.1 at 2014-09-21 13:11:37 -0400


Started GET "/assets/rails_admin/rails_admin.css?body=1" for 127.0.0.1 at 2014-09-21 13:11:37 -0400


Started GET "/assets/jquery.ui.effect.js?body=1" for 127.0.0.1 at 2014-09-21 13:11:38 -0400


Started GET "/assets/jquery.ui.core.js?body=1" for 127.0.0.1 at 2014-09-21 13:11:38 -0400


Started GET "/assets/jquery.ui.widget.js?body=1" for 127.0.0.1 at 2014-09-21 13:11:38 -0400


Started GET "/assets/jquery.ui.mouse.js?body=1" for 127.0.0.1 at 2014-09-21 13:11:38 -0400


Started GET "/assets/jquery.ui.sortable.js?body=1" for 127.0.0.1 at 2014-09-21 13:11:38 -0400


Started GET "/assets/jquery.ui.position.js?body=1" for 127.0.0.1 at 2014-09-21 13:11:38 -0400


Started GET "/assets/jquery.ui.menu.js?body=1" for 127.0.0.1 at 2014-09-21 13:11:38 -0400


Started GET "/assets/jquery.ui.autocomplete.js?body=1" for 127.0.0.1 at 2014-09-21 13:11:38 -0400


Started GET "/assets/jquery.ui.datepicker.js?body=1" for 127.0.0.1 at 2014-09-21 13:11:38 -0400


Started GET "/assets/rails_admin/jquery.ui.timepicker.js?body=1" for 127.0.0.1 at 2014-09-21 13:11:38 -0400


Started GET "/assets/rails_admin/ra.datetimepicker.js?body=1" for 127.0.0.1 at 2014-09-21 13:11:38 -0400


Started GET "/assets/rails_admin/jquery.colorpicker.js?body=1" for 127.0.0.1 at 2014-09-21 13:11:38 -0400


Started GET "/assets/rails_admin/ra.filter-box.js?body=1" for 127.0.0.1 at 2014-09-21 13:11:38 -0400


Started GET "/assets/rails_admin/ra.filtering-multiselect.js?body=1" for 127.0.0.1 at 2014-09-21 13:11:38 -0400


Started GET "/assets/rails_admin/ra.filtering-select.js?body=1" for 127.0.0.1 at 2014-09-21 13:11:38 -0400


Started GET "/assets/rails_admin/ra.remote-form.js?body=1" for 127.0.0.1 at 2014-09-21 13:11:38 -0400


Started GET "/assets/rails_admin/jquery.pjax.js?body=1" for 127.0.0.1 at 2014-09-21 13:11:38 -0400


Started GET "/assets/jquery_nested_form.js?body=1" for 127.0.0.1 at 2014-09-21 13:11:39 -0400


Started GET "/assets/rails_admin/ra.nested-form-hooks.js?body=1" for 127.0.0.1 at 2014-09-21 13:11:39 -0400


Started GET "/assets/rails_admin/ra.i18n.js?body=1" for 127.0.0.1 at 2014-09-21 13:11:39 -0400


Started GET "/assets/rails_admin/bootstrap/bootstrap-transition.js?body=1" for 127.0.0.1 at 2014-09-21 13:11:39 -0400


Started GET "/assets/rails_admin/bootstrap/bootstrap-affix.js?body=1" for 127.0.0.1 at 2014-09-21 13:11:39 -0400


Started GET "/assets/rails_admin/bootstrap/bootstrap-alert.js?body=1" for 127.0.0.1 at 2014-09-21 13:11:39 -0400


Started GET "/assets/rails_admin/bootstrap/bootstrap-button.js?body=1" for 127.0.0.1 at 2014-09-21 13:11:39 -0400


Started GET "/assets/rails_admin/bootstrap/bootstrap-carousel.js?body=1" for 127.0.0.1 at 2014-09-21 13:11:39 -0400


Started GET "/assets/rails_admin/bootstrap/bootstrap-collapse.js?body=1" for 127.0.0.1 at 2014-09-21 13:11:39 -0400


Started GET "/assets/rails_admin/bootstrap/bootstrap-dropdown.js?body=1" for 127.0.0.1 at 2014-09-21 13:11:39 -0400


Started GET "/assets/rails_admin/bootstrap/bootstrap-modal.js?body=1" for 127.0.0.1 at 2014-09-21 13:11:39 -0400


Started GET "/assets/rails_admin/bootstrap/bootstrap-scrollspy.js?body=1" for 127.0.0.1 at 2014-09-21 13:11:39 -0400


Started GET "/assets/rails_admin/bootstrap/bootstrap-tab.js?body=1" for 127.0.0.1 at 2014-09-21 13:11:39 -0400


Started GET "/assets/rails_admin/bootstrap/bootstrap-tooltip.js?body=1" for 127.0.0.1 at 2014-09-21 13:11:39 -0400


Started GET "/assets/rails_admin/bootstrap/bootstrap-popover.js?body=1" for 127.0.0.1 at 2014-09-21 13:11:39 -0400


Started GET "/assets/rails_admin/bootstrap/bootstrap-typeahead.js?body=1" for 127.0.0.1 at 2014-09-21 13:11:40 -0400


Started GET "/assets/rails_admin/bootstrap/bootstrap.js?body=1" for 127.0.0.1 at 2014-09-21 13:11:40 -0400


Started GET "/assets/rails_admin/ra.widgets.js?body=1" for 127.0.0.1 at 2014-09-21 13:11:40 -0400


Started GET "/assets/rails_admin/ui.js?body=1" for 127.0.0.1 at 2014-09-21 13:11:40 -0400


Started GET "/assets/rails_admin/custom/ui.js?body=1" for 127.0.0.1 at 2014-09-21 13:11:40 -0400


Started GET "/assets/rails_admin/rails_admin.js?body=1" for 127.0.0.1 at 2014-09-21 13:11:40 -0400


Started GET "/assets/fontawesome-webfont.woff?v=4.2.0" for 127.0.0.1 at 2014-09-21 13:11:40 -0400


Started GET "/admin/profile?_pjax=%5Bdata-pjax-container%5D" for 127.0.0.1 at 2014-09-21 13:11:55 -0400
Processing by RailsAdmin::MainController#index as HTML
  Parameters: {"_pjax"=>"[data-pjax-container]", "model_name"=>"profile"}
  [1m[35mProfile Load (0.0ms)[0m  SELECT  "profiles".* FROM "profiles"   ORDER BY profiles.id desc LIMIT 20 OFFSET 0
  [1m[36m (0.0ms)[0m  [1mSELECT COUNT(*) FROM "profiles"[0m
  Rendered C:/RailsInstaller/Ruby1.9.3/lib/ruby/gems/1.9.1/gems/rails_admin-0.6.3/app/views/rails_admin/main/index.html.haml within layouts/rails_admin/pjax (41.0ms)
Completed 200 OK in 57ms (Views: 54.0ms | ActiveRecord: 0.0ms)


Started GET "/admin/profile?_pjax=%5Bdata-pjax-container%5D" for 127.0.0.1 at 2014-09-21 13:12:00 -0400
Processing by RailsAdmin::MainController#index as HTML
  Parameters: {"_pjax"=>"[data-pjax-container]", "model_name"=>"profile"}
  [1m[35mProfile Load (0.0ms)[0m  SELECT  "profiles".* FROM "profiles"   ORDER BY profiles.id desc LIMIT 20 OFFSET 0
  [1m[36m (0.0ms)[0m  [1mSELECT COUNT(*) FROM "profiles"[0m
  Rendered C:/RailsInstaller/Ruby1.9.3/lib/ruby/gems/1.9.1/gems/rails_admin-0.6.3/app/views/rails_admin/main/index.html.haml within layouts/rails_admin/pjax (17.0ms)
Completed 200 OK in 29ms (Views: 26.0ms | ActiveRecord: 0.0ms)


Started GET "/admin/project?_pjax=%5Bdata-pjax-container%5D" for 127.0.0.1 at 2014-09-21 13:12:05 -0400
Processing by RailsAdmin::MainController#index as HTML
  Parameters: {"_pjax"=>"[data-pjax-container]", "model_name"=>"project"}
  [1m[35mProject Load (0.0ms)[0m  SELECT  "projects".* FROM "projects"   ORDER BY projects.id desc LIMIT 20 OFFSET 0
  [1m[36m (0.0ms)[0m  [1mSELECT COUNT(*) FROM "projects"[0m
  Rendered C:/RailsInstaller/Ruby1.9.3/lib/ruby/gems/1.9.1/gems/rails_admin-0.6.3/app/views/rails_admin/main/index.html.haml within layouts/rails_admin/pjax (15.0ms)
Completed 200 OK in 27ms (Views: 23.0ms | ActiveRecord: 0.0ms)


Started GET "/admin/project?_pjax=%5Bdata-pjax-container%5D" for 127.0.0.1 at 2014-09-21 13:12:07 -0400
Processing by RailsAdmin::MainController#index as HTML
  Parameters: {"_pjax"=>"[data-pjax-container]", "model_name"=>"project"}
  [1m[35mProject Load (1.0ms)[0m  SELECT  "projects".* FROM "projects"   ORDER BY projects.id desc LIMIT 20 OFFSET 0
  [1m[36m (0.0ms)[0m  [1mSELECT COUNT(*) FROM "projects"[0m
  Rendered C:/RailsInstaller/Ruby1.9.3/lib/ruby/gems/1.9.1/gems/rails_admin-0.6.3/app/views/rails_admin/main/index.html.haml within layouts/rails_admin/pjax (13.0ms)
Completed 200 OK in 25ms (Views: 20.0ms | ActiveRecord: 1.0ms)


Started GET "/admin/project" for 127.0.0.1 at 2014-09-21 13:16:52 -0400
  [1m[36mActiveRecord::SchemaMigration Load (0.0ms)[0m  [1mSELECT "schema_migrations".* FROM "schema_migrations"[0m
Processing by RailsAdmin::MainController#index as HTML
  Parameters: {"model_name"=>"project"}
  [1m[35mProject Load (0.0ms)[0m  SELECT  "projects".* FROM "projects"   ORDER BY projects.id desc LIMIT 20 OFFSET 0
  [1m[36m (0.0ms)[0m  [1mSELECT COUNT(*) FROM "projects"[0m
  Rendered C:/RailsInstaller/Ruby1.9.3/lib/ruby/gems/1.9.1/gems/rails_admin-0.6.3/app/views/rails_admin/main/index.html.haml within layouts/rails_admin/application (62.0ms)
  Rendered C:/RailsInstaller/Ruby1.9.3/lib/ruby/gems/1.9.1/gems/rails_admin-0.6.3/app/views/layouts/rails_admin/_secondary_navigation.html.haml (2.0ms)
  Rendered C:/RailsInstaller/Ruby1.9.3/lib/ruby/gems/1.9.1/gems/rails_admin-0.6.3/app/views/layouts/rails_admin/pjax.html.haml (5.0ms)
Completed 200 OK in 1097ms (Views: 1028.7ms | ActiveRecord: 1.0ms)


Started GET "/assets/rails_admin/rails_admin.css?body=1" for 127.0.0.1 at 2014-09-21 13:16:53 -0400


Started GET "/assets/rails_admin/jquery.remotipart.fixed.js?body=1" for 127.0.0.1 at 2014-09-21 13:16:53 -0400


Started GET "/assets/jquery.js?body=1" for 127.0.0.1 at 2014-09-21 13:16:53 -0400


Started GET "/assets/jquery.iframe-transport.js?body=1" for 127.0.0.1 at 2014-09-21 13:16:53 -0400


Started GET "/assets/jquery_ujs.js?body=1" for 127.0.0.1 at 2014-09-21 13:16:53 -0400


Started GET "/assets/jquery.ui.effect.js?body=1" for 127.0.0.1 at 2014-09-21 13:16:53 -0400


Started GET "/assets/jquery.ui.core.js?body=1" for 127.0.0.1 at 2014-09-21 13:16:53 -0400


Started GET "/assets/jquery.ui.widget.js?body=1" for 127.0.0.1 at 2014-09-21 13:16:53 -0400


Started GET "/assets/jquery.ui.mouse.js?body=1" for 127.0.0.1 at 2014-09-21 13:16:54 -0400


Started GET "/assets/jquery.ui.sortable.js?body=1" for 127.0.0.1 at 2014-09-21 13:16:54 -0400


Started GET "/assets/jquery.ui.position.js?body=1" for 127.0.0.1 at 2014-09-21 13:16:54 -0400


Started GET "/assets/jquery.ui.menu.js?body=1" for 127.0.0.1 at 2014-09-21 13:16:54 -0400


Started GET "/assets/jquery.ui.autocomplete.js?body=1" for 127.0.0.1 at 2014-09-21 13:16:54 -0400


Started GET "/assets/jquery.ui.datepicker.js?body=1" for 127.0.0.1 at 2014-09-21 13:16:54 -0400


Started GET "/assets/rails_admin/jquery.ui.timepicker.js?body=1" for 127.0.0.1 at 2014-09-21 13:16:54 -0400


Started GET "/assets/rails_admin/ra.datetimepicker.js?body=1" for 127.0.0.1 at 2014-09-21 13:16:54 -0400


Started GET "/assets/rails_admin/jquery.colorpicker.js?body=1" for 127.0.0.1 at 2014-09-21 13:16:54 -0400


Started GET "/assets/rails_admin/ra.filter-box.js?body=1" for 127.0.0.1 at 2014-09-21 13:16:54 -0400


Started GET "/assets/rails_admin/ra.filtering-multiselect.js?body=1" for 127.0.0.1 at 2014-09-21 13:16:54 -0400


Started GET "/assets/rails_admin/ra.filtering-select.js?body=1" for 127.0.0.1 at 2014-09-21 13:16:54 -0400


Started GET "/assets/rails_admin/ra.remote-form.js?body=1" for 127.0.0.1 at 2014-09-21 13:16:54 -0400


Started GET "/assets/rails_admin/jquery.pjax.js?body=1" for 127.0.0.1 at 2014-09-21 13:16:54 -0400


Started GET "/assets/jquery_nested_form.js?body=1" for 127.0.0.1 at 2014-09-21 13:16:54 -0400


Started GET "/assets/rails_admin/ra.nested-form-hooks.js?body=1" for 127.0.0.1 at 2014-09-21 13:16:54 -0400


Started GET "/assets/rails_admin/ra.i18n.js?body=1" for 127.0.0.1 at 2014-09-21 13:16:55 -0400


Started GET "/assets/rails_admin/bootstrap/bootstrap-transition.js?body=1" for 127.0.0.1 at 2014-09-21 13:16:55 -0400


Started GET "/assets/rails_admin/bootstrap/bootstrap-affix.js?body=1" for 127.0.0.1 at 2014-09-21 13:16:55 -0400


Started GET "/assets/rails_admin/bootstrap/bootstrap-alert.js?body=1" for 127.0.0.1 at 2014-09-21 13:16:55 -0400


Started GET "/assets/rails_admin/bootstrap/bootstrap-button.js?body=1" for 127.0.0.1 at 2014-09-21 13:16:55 -0400


Started GET "/assets/rails_admin/bootstrap/bootstrap-carousel.js?body=1" for 127.0.0.1 at 2014-09-21 13:16:55 -0400


Started GET "/assets/rails_admin/bootstrap/bootstrap-collapse.js?body=1" for 127.0.0.1 at 2014-09-21 13:16:55 -0400


Started GET "/assets/rails_admin/bootstrap/bootstrap-dropdown.js?body=1" for 127.0.0.1 at 2014-09-21 13:16:55 -0400


Started GET "/assets/rails_admin/bootstrap/bootstrap-modal.js?body=1" for 127.0.0.1 at 2014-09-21 13:16:55 -0400


Started GET "/assets/rails_admin/bootstrap/bootstrap-scrollspy.js?body=1" for 127.0.0.1 at 2014-09-21 13:16:55 -0400


Started GET "/assets/rails_admin/bootstrap/bootstrap-tab.js?body=1" for 127.0.0.1 at 2014-09-21 13:16:55 -0400


Started GET "/assets/rails_admin/bootstrap/bootstrap-tooltip.js?body=1" for 127.0.0.1 at 2014-09-21 13:16:55 -0400


Started GET "/assets/rails_admin/bootstrap/bootstrap-popover.js?body=1" for 127.0.0.1 at 2014-09-21 13:16:55 -0400


Started GET "/assets/rails_admin/bootstrap/bootstrap-typeahead.js?body=1" for 127.0.0.1 at 2014-09-21 13:16:55 -0400


Started GET "/assets/rails_admin/bootstrap/bootstrap.js?body=1" for 127.0.0.1 at 2014-09-21 13:16:55 -0400


Started GET "/assets/rails_admin/ra.widgets.js?body=1" for 127.0.0.1 at 2014-09-21 13:16:55 -0400


Started GET "/assets/rails_admin/ui.js?body=1" for 127.0.0.1 at 2014-09-21 13:16:55 -0400


Started GET "/assets/rails_admin/custom/ui.js?body=1" for 127.0.0.1 at 2014-09-21 13:16:55 -0400


Started GET "/assets/rails_admin/rails_admin.js?body=1" for 127.0.0.1 at 2014-09-21 13:16:56 -0400


Started GET "/assets/fontawesome-webfont.woff?v=4.2.0" for 127.0.0.1 at 2014-09-21 13:16:56 -0400


Started GET "/" for 127.0.0.1 at 2014-09-21 13:17:02 -0400
Processing by Rails::WelcomeController#index as HTML
  Rendered C:/RailsInstaller/Ruby1.9.3/lib/ruby/gems/1.9.1/gems/railties-4.1.6/lib/rails/templates/rails/welcome/index.html.erb (1.0ms)
Completed 200 OK in 3ms (Views: 3.0ms | ActiveRecord: 0.0ms)


Started GET "/projects" for 127.0.0.1 at 2014-09-21 13:17:07 -0400
Processing by ProjectsController#index as HTML
  [1m[35mProject Load (0.0ms)[0m  SELECT "projects".* FROM "projects"
  Rendered projects/index.html.erb within layouts/application (3.0ms)
Completed 200 OK in 244ms (Views: 243.2ms | ActiveRecord: 0.0ms)


Started GET "/projects" for 127.0.0.1 at 2014-09-21 13:17:08 -0400
Processing by ProjectsController#index as HTML
  [1m[36mProject Load (0.0ms)[0m  [1mSELECT "projects".* FROM "projects"[0m
  Rendered projects/index.html.erb within layouts/application (1.0ms)
Completed 200 OK in 178ms (Views: 177.1ms | ActiveRecord: 0.0ms)


Started GET "/assets/profiles.css?body=1" for 127.0.0.1 at 2014-09-21 13:17:08 -0400


Started GET "/assets/application.css?body=1" for 127.0.0.1 at 2014-09-21 13:17:08 -0400


Started GET "/assets/jquery.js?body=1" for 127.0.0.1 at 2014-09-21 13:17:08 -0400


Started GET "/assets/scaffolds.css?body=1" for 127.0.0.1 at 2014-09-21 13:17:08 -0400


Started GET "/assets/projects.css?body=1" for 127.0.0.1 at 2014-09-21 13:17:08 -0400


Started GET "/assets/jquery_ujs.js?body=1" for 127.0.0.1 at 2014-09-21 13:17:08 -0400


Started GET "/assets/turbolinks.js?body=1" for 127.0.0.1 at 2014-09-21 13:17:08 -0400


Started GET "/assets/profiles.js?body=1" for 127.0.0.1 at 2014-09-21 13:17:08 -0400


Started GET "/assets/projects.js?body=1" for 127.0.0.1 at 2014-09-21 13:17:08 -0400


Started GET "/assets/application.js?body=1" for 127.0.0.1 at 2014-09-21 13:17:08 -0400


Started GET "/assets/jquery_ujs.js?body=1" for 127.0.0.1 at 2014-09-21 13:17:09 -0400


Started GET "/assets/turbolinks.js?body=1" for 127.0.0.1 at 2014-09-21 13:17:09 -0400


Started GET "/assets/profiles.js?body=1" for 127.0.0.1 at 2014-09-21 13:17:09 -0400


Started GET "/assets/projects.js?body=1" for 127.0.0.1 at 2014-09-21 13:17:09 -0400


Started GET "/assets/application.js?body=1" for 127.0.0.1 at 2014-09-21 13:17:10 -0400


Started GET "/projects/1" for 127.0.0.1 at 2014-09-21 13:17:13 -0400
Processing by ProjectsController#show as HTML
  Parameters: {"id"=>"1"}
  [1m[35mProject Load (0.0ms)[0m  SELECT  "projects".* FROM "projects"  WHERE "projects"."id" = ? LIMIT 1  [["id", 1]]
  Rendered projects/show.html.erb within layouts/application (1.0ms)
Completed 200 OK in 161ms (Views: 160.1ms | ActiveRecord: 0.0ms)


Started GET "/projects" for 127.0.0.1 at 2014-09-21 13:17:16 -0400
Processing by ProjectsController#index as HTML
  [1m[36mProject Load (1.0ms)[0m  [1mSELECT "projects".* FROM "projects"[0m
  Rendered projects/index.html.erb within layouts/application (3.0ms)
Completed 200 OK in 157ms (Views: 156.1ms | ActiveRecord: 1.0ms)


Started GET "/profiles" for 127.0.0.1 at 2014-09-21 13:17:26 -0400
Processing by ProfilesController#index as HTML
  [1m[35mProfile Load (1.0ms)[0m  SELECT "profiles".* FROM "profiles"
  Rendered profiles/index.html.erb within layouts/application (10.0ms)
Completed 200 OK in 191ms (Views: 189.1ms | ActiveRecord: 1.0ms)


Started GET "/assets/projects.css?body=1" for 127.0.0.1 at 2014-09-21 13:17:27 -0400


Started GET "/assets/jquery.js?body=1" for 127.0.0.1 at 2014-09-21 13:17:27 -0400


Started GET "/assets/application.css?body=1" for 127.0.0.1 at 2014-09-21 13:17:27 -0400


Started GET "/assets/scaffolds.css?body=1" for 127.0.0.1 at 2014-09-21 13:17:27 -0400


Started GET "/assets/profiles.css?body=1" for 127.0.0.1 at 2014-09-21 13:17:27 -0400


Started GET "/assets/jquery_ujs.js?body=1" for 127.0.0.1 at 2014-09-21 13:17:27 -0400


Started GET "/assets/turbolinks.js?body=1" for 127.0.0.1 at 2014-09-21 13:17:27 -0400


Started GET "/assets/profiles.js?body=1" for 127.0.0.1 at 2014-09-21 13:17:27 -0400


Started GET "/assets/projects.js?body=1" for 127.0.0.1 at 2014-09-21 13:17:27 -0400


Started GET "/assets/application.js?body=1" for 127.0.0.1 at 2014-09-21 13:17:27 -0400
